Starting FindMind-read_dividend.py (Version 1.0.6.0)
Output file auction_data_processed/Features-Company.csv already exists.
Directory already exists: dividend
Output directory already exists: auction_data_processed
Downloading company list...
Processing data for 298 companies...
Processing company 1/298: 7753
No dividend files found for company 7753
Processing company 2/298: 3135
No dividend files found for company 3135
Processing company 3/298: 7721
Found 1 dividend files for company 7721
  - Found newest dividend data at 2025-06-10: 2.0
  - Extracted data: Per Share Dividend=2.0 (as of 2025-06-10)
Processing company 4/298: 7547
Found 1 dividend files for company 7547
  - Found newest dividend data at 2025-07-11: 1.35
  - Extracted data: Per Share Dividend=1.35 (as of 2025-07-11)
Processing company 5/298: 7747
No dividend files found for company 7747
Processing company 6/298: 6918
Found 1 dividend files for company 6918
  - Found newest dividend data at 2025-04-26: 4.0
  - Extracted data: Per Share Dividend=4.0 (as of 2025-04-26)
Processing company 7/298: 6925
Found 1 dividend files for company 6925
  - Found newest dividend data at 2025-04-24: 2.0
  - Extracted data: Per Share Dividend=2.0 (as of 2025-04-24)
Processing company 8/298: 6944
No dividend files found for company 6944
Processing company 9/298: 1295
Found 1 dividend files for company 1295
  - Found newest dividend data at 2025-04-04: 3.5
  - Extracted data: Per Share Dividend=3.5 (as of 2025-04-04)
Processing company 10/298: 7642
Found 1 dividend files for company 7642
  - Found newest dividend data at 2025-03-26: 5.0
  - Extracted data: Per Share Dividend=5.0 (as of 2025-03-26)
Processing company 11/298: 6909
No dividend files found for company 6909
Processing company 12/298: 7743
Found 1 dividend files for company 7743
  - Found newest dividend data at 2025-04-26: 1.4
  - Extracted data: Per Share Dividend=1.4 (as of 2025-04-26)
Processing company 13/298: 6498
No dividend files found for company 6498
Processing company 14/298: 6597
No dividend files found for company 6597
Processing company 15/298: 7723
Found 1 dividend files for company 7723
  - Found newest dividend data at 2025-03-18: 1.45
  - Extracted data: Per Share Dividend=1.45 (as of 2025-03-18)
Processing company 16/298: 6936
Found 1 dividend files for company 6936
  - Found newest dividend data at 2024-07-16: 1.04
  - Extracted data: Per Share Dividend=1.04 (as of 2024-07-16)
Processing company 17/298: 3467
No dividend files found for company 3467
Processing company 18/298: 7718
No dividend files found for company 7718
Processing company 19/298: 7736
No dividend files found for company 7736
Processing company 20/298: 6872
No dividend files found for company 6872
Processing company 21/298: 7728
No dividend files found for company 7728
Processing company 22/298: 7734
No dividend files found for company 7734
Processing company 23/298: 7709
No dividend files found for company 7709
Processing company 24/298: 7713
No dividend files found for company 7713
Processing company 25/298: 4749
Found 1 dividend files for company 4749
  - Found newest dividend data at 2024-08-13: 2.79
  - Extracted data: Per Share Dividend=2.79 (as of 2024-08-13)
Processing company 26/298: 7715
No dividend files found for company 7715
Processing company 27/298: 6994
Found 1 dividend files for company 6994
  - Found newest dividend data at 2024-08-26: 0.5
  - Extracted data: Per Share Dividend=0.5 (as of 2024-08-26)
Processing company 28/298: 6931
No dividend files found for company 6931
Processing company 29/298: 7714
Found 1 dividend files for company 7714
  - Found newest dividend data at 2024-10-09: 1.5
  - Extracted data: Per Share Dividend=1.5 (as of 2024-10-09)
Processing company 30/298: 7732
No dividend files found for company 7732
Processing company 31/298: 7712
Found 1 dividend files for company 7712
  - Found newest dividend data at 2024-07-30: 1.5
  - Extracted data: Per Share Dividend=1.5 (as of 2024-07-30)
Processing company 32/298: 6982
Found 1 dividend files for company 6982
  - Found newest dividend data at 2024-07-05: 1.6
  - Extracted data: Per Share Dividend=1.6 (as of 2024-07-05)
Processing company 33/298: 7704
Found 1 dividend files for company 7704
  - Found newest dividend data at 2024-05-29: 2.8
  - Extracted data: Per Share Dividend=2.8 (as of 2024-05-29)
Processing company 34/298: 6885
No dividend files found for company 6885
Processing company 35/298: 6997
Found 1 dividend files for company 6997
  - Found newest dividend data at 2024-08-19: 4.06
  - Extracted data: Per Share Dividend=4.06 (as of 2024-08-19)
Processing company 36/298: 8045
Found 1 dividend files for company 8045
  - Found newest dividend data at 2024-07-01: 4.5
  - Extracted data: Per Share Dividend=4.5 (as of 2024-07-01)
Processing company 37/298: 6996
No dividend files found for company 6996
Processing company 38/298: 7722
No dividend files found for company 7722
Processing company 39/298: 6720
No dividend files found for company 6720
Processing company 40/298: 7705
Found 1 dividend files for company 7705
  - Found newest dividend data at 2024-06-19: 3.2
  - Extracted data: Per Share Dividend=3.2 (as of 2024-06-19)
Processing company 41/298: 7708
Found 1 dividend files for company 7708
  - Found newest dividend data at 2024-08-08: 2.5
  - Extracted data: Per Share Dividend=2.5 (as of 2024-08-08)
Processing company 42/298: 7703
Found 1 dividend files for company 7703
  - Found newest dividend data at 2024-06-12: 7.0
  - Extracted data: Per Share Dividend=7.0 (as of 2024-06-12)
Processing company 43/298: 2646
No dividend files found for company 2646
Processing company 44/298: 8272
Found 1 dividend files for company 8272
  - Found newest dividend data at 2024-08-13: 2.87
  - Extracted data: Per Share Dividend=2.87 (as of 2024-08-13)
Processing company 45/298: 6919
No dividend files found for company 6919
Processing company 46/298: 6913
Found 1 dividend files for company 6913
  - Found newest dividend data at 2024-06-18: 2.0
  - Extracted data: Per Share Dividend=2.0 (as of 2024-06-18)
Processing company 47/298: 1294
Found 1 dividend files for company 1294
  - Found newest dividend data at 2024-06-15: 4.0
  - Extracted data: Per Share Dividend=4.0 (as of 2024-06-15)
Processing company 48/298: 6967
No dividend files found for company 6967
Processing company 49/298: 6923
Found 1 dividend files for company 6923
  - Found newest dividend data at 2024-07-23: 2.9
  - Extracted data: Per Share Dividend=2.9 (as of 2024-07-23)
Processing company 50/298: 4772
Found 1 dividend files for company 4772
  - Found newest dividend data at 2024-07-04: 1.0
  - Extracted data: Per Share Dividend=1.0 (as of 2024-07-04)
Processing company 51/298: 2751
Found 1 dividend files for company 2751
  - Found newest dividend data at 2024-04-11: 0.6
  - Extracted data: Per Share Dividend=0.6 (as of 2024-04-11)
Processing company 52/298: 6739
Found 1 dividend files for company 6739
  - Found newest dividend data at 2024-06-28: 2.02
  - Extracted data: Per Share Dividend=2.02 (as of 2024-06-28)
Processing company 53/298: 6958
Found 1 dividend files for company 6958
  - Found newest dividend data at 2024-06-27: 1.0
  - Extracted data: Per Share Dividend=1.0 (as of 2024-06-27)
Processing company 54/298: 6968
Found 1 dividend files for company 6968
  - Found newest dividend data at 2024-07-15: 1.0
  - Extracted data: Per Share Dividend=1.0 (as of 2024-07-15)
Processing company 55/298: 6838
No dividend files found for company 6838
Processing company 56/298: 7584
Found 1 dividend files for company 7584
  - Found newest dividend data at 2024-03-28: 4.0
  - Extracted data: Per Share Dividend=4.0 (as of 2024-03-28)
Processing company 57/298: 6637
No dividend files found for company 6637
Processing company 58/298: 6952
No dividend files found for company 6952
Processing company 59/298: 6903
No dividend files found for company 6903
Processing company 60/298: 6881
No dividend files found for company 6881
Processing company 61/298: 6928
No dividend files found for company 6928
Processing company 62/298: 1563
No dividend files found for company 1563
Processing company 63/298: 6953
Found 1 dividend files for company 6953
  - Found newest dividend data at 2024-03-28: 4.5
  - Extracted data: Per Share Dividend=4.5 (as of 2024-03-28)
Processing company 64/298: 4949
Found 1 dividend files for company 4949
  - Found newest dividend data at 2024-04-05: 2.4
  - Extracted data: Per Share Dividend=2.4 (as of 2024-04-05)
Processing company 65/298: 6914
No dividend files found for company 6914
Processing company 66/298: 6899
No dividend files found for company 6899
Processing company 67/298: 6929
No dividend files found for company 6929
Processing company 68/298: 6875
No dividend files found for company 6875
Processing company 69/298: 3168
No dividend files found for company 3168
Processing company 70/298: 2941
No dividend files found for company 2941
Processing company 71/298: 5548
No dividend files found for company 5548
Processing company 72/298: 4771
No dividend files found for company 4771
Processing company 73/298: 6844
Found 1 dividend files for company 6844
  - Found newest dividend data at 2023-07-12: 10.0
  - Extracted data: Per Share Dividend=10.0 (as of 2023-07-12)
Processing company 74/298: 6692
Found 1 dividend files for company 6692
  - Found newest dividend data at 2023-09-04: 2.5
  - Extracted data: Per Share Dividend=2.5 (as of 2023-09-04)
Processing company 75/298: 4588
No dividend files found for company 4588
Processing company 76/298: 6906
Found 1 dividend files for company 6906
  - Found newest dividend data at 2023-07-31: 3.4
  - Extracted data: Per Share Dividend=3.4 (as of 2023-07-31)
Processing company 77/298: 2949
Found 1 dividend files for company 2949
  - Found newest dividend data at 2023-07-02: 0.82
  - Extracted data: Per Share Dividend=0.82 (as of 2023-07-02)
Processing company 78/298: 6937
Found 1 dividend files for company 6937
  - Found newest dividend data at 2023-08-23: 1.0
  - Extracted data: Per Share Dividend=1.0 (as of 2023-08-23)
Processing company 79/298: 2948
Found 1 dividend files for company 2948
  - Found newest dividend data at 2023-08-15: 3.0
  - Extracted data: Per Share Dividend=3.0 (as of 2023-08-15)
Processing company 80/298: 6904
Found 1 dividend files for company 6904
  - Found newest dividend data at 2023-07-24: 3.7
  - Extracted data: Per Share Dividend=3.7 (as of 2023-07-24)
Processing company 81/298: 6742
Found 1 dividend files for company 6742
  - Found newest dividend data at 2023-09-04: 2.5
  - Extracted data: Per Share Dividend=2.5 (as of 2023-09-04)
Processing company 82/298: 6916
No dividend files found for company 6916
Processing company 83/298: 6894
Found 1 dividend files for company 6894
  - Found newest dividend data at 2023-05-22: 7.0
  - Extracted data: Per Share Dividend=7.0 (as of 2023-05-22)
Processing company 84/298: 5292
Found 1 dividend files for company 5292
  - Found newest dividend data at 2023-07-14: 3.0
  - Extracted data: Per Share Dividend=3.0 (as of 2023-07-14)
Processing company 85/298: 6922
Found 1 dividend files for company 6922
  - Found newest dividend data at 2023-07-07: 5.7
  - Extracted data: Per Share Dividend=5.7 (as of 2023-07-07)
Processing company 86/298: 6805
Found 1 dividend files for company 6805
  - Found newest dividend data at 2023-07-08: 4.0
  - Extracted data: Per Share Dividend=4.0 (as of 2023-07-08)
Processing company 87/298: 6658
Found 1 dividend files for company 6658
  - Found newest dividend data at 2023-06-10: 2.0
  - Extracted data: Per Share Dividend=2.0 (as of 2023-06-10)
Processing company 88/298: 6856
Found 1 dividend files for company 6856
  - Found newest dividend data at 2023-07-30: 4.0
  - Extracted data: Per Share Dividend=4.0 (as of 2023-07-30)
Processing company 89/298: 6526
Found 1 dividend files for company 6526
  - Found newest dividend data at 2023-07-26: 15.0
  - Extracted data: Per Share Dividend=15.0 (as of 2023-07-26)
Processing company 90/298: 6901
Found 1 dividend files for company 6901
  - Found newest dividend data at 2023-08-13: 2.0
  - Extracted data: Per Share Dividend=2.0 (as of 2023-08-13)
Processing company 91/298: 6870
Found 1 dividend files for company 6870
  - Found newest dividend data at 2023-07-04: 3.0
  - Extracted data: Per Share Dividend=3.0 (as of 2023-07-04)
Processing company 92/298: 6895
Found 1 dividend files for company 6895
  - Found newest dividend data at 2023-03-24: 3.45
  - Extracted data: Per Share Dividend=3.45 (as of 2023-03-24)
Processing company 93/298: 2073
No dividend files found for company 2073
Processing company 94/298: 6877
Found 1 dividend files for company 6877
  - Found newest dividend data at 2023-05-06: 0.7
  - Extracted data: Per Share Dividend=0.7 (as of 2023-05-06)
Processing company 95/298: 6657
No dividend files found for company 6657
Processing company 96/298: 6821
Found 1 dividend files for company 6821
  - Found newest dividend data at 2023-04-15: 2.01
  - Extracted data: Per Share Dividend=2.01 (as of 2023-04-15)
Processing company 97/298: 6584
Found 1 dividend files for company 6584
  - Found newest dividend data at 2022-09-18: 0.9
  - Extracted data: Per Share Dividend=0.9 (as of 2022-09-18)
Processing company 98/298: 6846
Found 1 dividend files for company 6846
  - Found newest dividend data at 2023-04-10: 3.9
  - Extracted data: Per Share Dividend=3.9 (as of 2023-04-10)
Processing company 99/298: 6861
No dividend files found for company 6861
Processing company 100/298: 6840
No dividend files found for company 6840
Processing company 101/298: 6606
No dividend files found for company 6606
Processing company 102/298: 2645
No dividend files found for company 2645
Processing company 103/298: 6753
No dividend files found for company 6753
Processing company 104/298: 6865
No dividend files found for company 6865
Processing company 105/298: 6708
Found 1 dividend files for company 6708
  - Found newest dividend data at 2022-08-15: 0.54
  - Extracted data: Per Share Dividend=0.54 (as of 2022-08-15)
Processing company 106/298: 8227
No dividend files found for company 8227
Processing company 107/298: 6517
Found 1 dividend files for company 6517
  - Found newest dividend data at 2022-07-04: 0.5
  - Extracted data: Per Share Dividend=0.5 (as of 2022-07-04)
Processing company 108/298: 3447
Found 1 dividend files for company 3447
  - Found newest dividend data at 2022-09-27: 1.5
  - Extracted data: Per Share Dividend=1.5 (as of 2022-09-27)
Processing company 109/298: 6874
Found 1 dividend files for company 6874
  - Found newest dividend data at 2022-10-03: 4.5
  - Extracted data: Per Share Dividend=4.5 (as of 2022-10-03)
Processing company 110/298: 6859
Found 1 dividend files for company 6859
  - Found newest dividend data at 2022-08-24: 2.5
  - Extracted data: Per Share Dividend=2.5 (as of 2022-08-24)
Processing company 111/298: 6782
Found 1 dividend files for company 6782
  - Found newest dividend data at 2022-08-02: 4.0
  - Extracted data: Per Share Dividend=4.0 (as of 2022-08-02)
Processing company 112/298: 6843
Found 1 dividend files for company 6843
  - Found newest dividend data at 2022-07-23: 2.0
  - Extracted data: Per Share Dividend=2.0 (as of 2022-07-23)
Processing company 113/298: 6791
Found 1 dividend files for company 6791
  - Found newest dividend data at 2022-07-03: 3.46
  - Extracted data: Per Share Dividend=3.46 (as of 2022-07-03)
Processing company 114/298: 6835
Found 1 dividend files for company 6835
  - Found newest dividend data at 2022-07-10: 2.0
  - Extracted data: Per Share Dividend=2.0 (as of 2022-07-10)
Processing company 115/298: 6695
No dividend files found for company 6695
Processing company 116/298: 4951
Found 1 dividend files for company 4951
  - Found newest dividend data at 2022-07-05: 3.5
  - Extracted data: Per Share Dividend=3.5 (as of 2022-07-05)
Processing company 117/298: 6855
Found 1 dividend files for company 6855
  - Found newest dividend data at 2022-06-13: 2.5
  - Extracted data: Per Share Dividend=2.5 (as of 2022-06-13)
Processing company 118/298: 4584
Found 1 dividend files for company 4584
  - Found newest dividend data at 2022-08-01: 2.5
  - Extracted data: Per Share Dividend=2.5 (as of 2022-08-01)
Processing company 119/298: 6689
Found 1 dividend files for company 6689
  - Found newest dividend data at 2022-07-17: 2.5
  - Extracted data: Per Share Dividend=2.5 (as of 2022-07-17)
Processing company 120/298: 3430
Found 1 dividend files for company 3430
  - Found newest dividend data at 2022-07-02: 2.0
  - Extracted data: Per Share Dividend=2.0 (as of 2022-07-02)
Processing company 121/298: 6834
Found 1 dividend files for company 6834
  - Found newest dividend data at 2022-06-20: 1.6
  - Extracted data: Per Share Dividend=1.6 (as of 2022-06-20)
Processing company 122/298: 6830
Found 1 dividend files for company 6830
  - Found newest dividend data at 2022-07-18: 4.5
  - Extracted data: Per Share Dividend=4.5 (as of 2022-07-18)
Processing company 123/298: 6811
Found 1 dividend files for company 6811
  - Found newest dividend data at 2022-07-15: 5.5
  - Extracted data: Per Share Dividend=5.5 (as of 2022-07-15)
Processing company 124/298: 6823
No dividend files found for company 6823
Processing company 125/298: 6789
No dividend files found for company 6789
Processing company 126/298: 4577
No dividend files found for company 4577
Processing company 127/298: 6796
No dividend files found for company 6796
Processing company 128/298: 6546
No dividend files found for company 6546
Processing company 129/298: 5228
No dividend files found for company 5228
Processing company 130/298: 6585
No dividend files found for company 6585
Processing company 131/298: 6799
No dividend files found for company 6799
Processing company 132/298: 4583
Found 1 dividend files for company 4583
  - Found newest dividend data at 2022-04-23: 8.0
  - Extracted data: Per Share Dividend=8.0 (as of 2022-04-23)
Processing company 133/298: 6721
No dividend files found for company 6721
Processing company 134/298: 6735
No dividend files found for company 6735
Processing company 135/298: 4768
No dividend files found for company 4768
Processing company 136/298: 6804
No dividend files found for company 6804
Processing company 137/298: 3349
No dividend files found for company 3349
Processing company 138/298: 4558
No dividend files found for company 4558
Processing company 139/298: 6763
Found 1 dividend files for company 6763
  - Found newest dividend data at 2022-01-05: 7.6
  - Extracted data: Per Share Dividend=7.6 (as of 2022-01-05)
Processing company 140/298: 4923
No dividend files found for company 4923
Processing company 141/298: 8438
No dividend files found for company 8438
Processing company 142/298: 6829
No dividend files found for company 6829
Processing company 143/298: 6693
No dividend files found for company 6693
Processing company 144/298: 2756
Found 1 dividend files for company 2756
  - Found newest dividend data at 2021-08-29: 3.29
  - Extracted data: Per Share Dividend=3.29 (as of 2021-08-29)
Processing company 145/298: 6719
Found 1 dividend files for company 6719
  - Found newest dividend data at 2021-09-05: 1.5
  - Extracted data: Per Share Dividend=1.5 (as of 2021-09-05)
Processing company 146/298: 3592
No dividend files found for company 3592
Processing company 147/298: 6691
Found 1 dividend files for company 6691
  - Found newest dividend data at 2021-08-01: 11.0
  - Extracted data: Per Share Dividend=11.0 (as of 2021-08-01)
Processing company 148/298: 4770
No dividend files found for company 4770
Processing company 149/298: 6792
Found 1 dividend files for company 6792
  - Found newest dividend data at 2021-08-07: 3.5
  - Extracted data: Per Share Dividend=3.5 (as of 2021-08-07)
Processing company 150/298: 6770
Found 1 dividend files for company 6770
  - Found newest dividend data at 2021-08-31: 0.65
  - Extracted data: Per Share Dividend=0.65 (as of 2021-08-31)
Processing company 151/298: 2945
Found 1 dividend files for company 2945
  - Found newest dividend data at 2021-08-01: 2.73
  - Extracted data: Per Share Dividend=2.73 (as of 2021-08-01)
Processing company 152/298: 6806
Found 1 dividend files for company 6806
  - Found newest dividend data at 2021-09-11: 1.0
  - Extracted data: Per Share Dividend=1.0 (as of 2021-09-11)
Processing company 153/298: 6761
Found 1 dividend files for company 6761
  - Found newest dividend data at 2021-08-13: 3.2
  - Extracted data: Per Share Dividend=3.2 (as of 2021-08-13)
Processing company 154/298: 5222
No dividend files found for company 5222
Processing company 155/298: 4440
No dividend files found for company 4440
Processing company 156/298: 2947
Found 1 dividend files for company 2947
  - Found newest dividend data at 2021-09-04: 3.6
  - Extracted data: Per Share Dividend=3.6 (as of 2021-09-04)
Processing company 157/298: 6790
Found 1 dividend files for company 6790
  - Found newest dividend data at 2021-08-17: 4.0
  - Extracted data: Per Share Dividend=4.0 (as of 2021-08-17)
Processing company 158/298: 6788
Found 1 dividend files for company 6788
  - Found newest dividend data at 2021-08-10: 4.0
  - Extracted data: Per Share Dividend=4.0 (as of 2021-08-10)
Processing company 159/298: 2753
Found 1 dividend files for company 2753
  - Found newest dividend data at 2021-07-05: 6.5
  - Extracted data: Per Share Dividend=6.5 (as of 2021-07-05)
Processing company 160/298: 6684
Found 1 dividend files for company 6684
  - Found newest dividend data at 2021-07-26: 2.01
  - Extracted data: Per Share Dividend=2.01 (as of 2021-07-26)
Processing company 161/298: 5236
Found 1 dividend files for company 5236
  - Found newest dividend data at 2021-07-12: 7.97
  - Extracted data: Per Share Dividend=7.97 (as of 2021-07-12)
Processing company 162/298: 3357
No dividend files found for company 3357
Processing company 163/298: 2211
Found 1 dividend files for company 2211
  - Found newest dividend data at 2020-08-10: 2.0
  - Extracted data: Per Share Dividend=2.0 (as of 2020-08-10)
Processing company 164/298: 6776
No dividend files found for company 6776
Processing company 165/298: 6651
No dividend files found for company 6651
Processing company 166/298: 6733
No dividend files found for company 6733
Processing company 167/298: 6661
No dividend files found for company 6661
Processing company 168/298: 6767
No dividend files found for company 6767
Processing company 169/298: 6712
No dividend files found for company 6712
Processing company 170/298: 6751
Found 1 dividend files for company 6751
  - Found newest dividend data at 2020-08-20: 2.05
  - Extracted data: Per Share Dividend=2.05 (as of 2020-08-20)
Processing company 171/298: 6728
Found 1 dividend files for company 6728
  - Found newest dividend data at 2020-09-04: 4.0
  - Extracted data: Per Share Dividend=4.0 (as of 2020-09-04)
Processing company 172/298: 6756
No dividend files found for company 6756
Processing company 173/298: 6762
Found 1 dividend files for company 6762
  - Found newest dividend data at 2020-08-31: 4.0
  - Extracted data: Per Share Dividend=4.0 (as of 2020-08-31)
Processing company 174/298: 2755
Found 1 dividend files for company 2755
  - Found newest dividend data at 2020-07-25: 1.0
  - Extracted data: Per Share Dividend=1.0 (as of 2020-07-25)
Processing company 175/298: 6743
Found 1 dividend files for company 6743
  - Found newest dividend data at 2020-08-24: 0.1
  - Extracted data: Per Share Dividend=0.1 (as of 2020-08-24)
Processing company 176/298: 3138
Found 1 dividend files for company 3138
  - Found newest dividend data at 2020-07-20: 1.0
  - Extracted data: Per Share Dividend=1.0 (as of 2020-07-20)
Processing company 177/298: 6752
No dividend files found for company 6752
Processing company 178/298: 6727
Found 1 dividend files for company 6727
  - Found newest dividend data at 2020-08-30: 2.0
  - Extracted data: Per Share Dividend=2.0 (as of 2020-08-30)
Processing company 179/298: 1342
Found 1 dividend files for company 1342
  - Found newest dividend data at 2020-07-06: 2.5
  - Extracted data: Per Share Dividend=2.5 (as of 2020-07-06)
Processing company 180/298: 4945
Found 1 dividend files for company 4945
  - Found newest dividend data at 2020-06-29: 1.5
  - Extracted data: Per Share Dividend=1.5 (as of 2020-06-29)
Processing company 181/298: 7556
Found 1 dividend files for company 7556
  - Found newest dividend data at 2020-08-23: 2.2
  - Extracted data: Per Share Dividend=2.2 (as of 2020-08-23)
Processing company 182/298: 6703
Found 1 dividend files for company 6703
  - Found newest dividend data at 2020-08-17: 4.56
  - Extracted data: Per Share Dividend=4.56 (as of 2020-08-17)
Processing company 183/298: 2247
Found 1 dividend files for company 2247
  - Found newest dividend data at 2020-08-31: 8.44
  - Extracted data: Per Share Dividend=8.44 (as of 2020-08-31)
Processing company 184/298: 8089
Found 1 dividend files for company 8089
  - Found newest dividend data at 2020-07-14: 1.69
  - Extracted data: Per Share Dividend=1.69 (as of 2020-07-14)
Processing company 185/298: 2754
Found 1 dividend files for company 2754
  - Found newest dividend data at 2020-08-24: 0.5
  - Extracted data: Per Share Dividend=0.5 (as of 2020-08-24)
Processing company 186/298: 2241
Found 1 dividend files for company 2241
  - Found newest dividend data at 2020-08-16: 0.88
  - Extracted data: Per Share Dividend=0.88 (as of 2020-08-16)
Processing company 187/298: 6754
Found 1 dividend files for company 6754
  - Found newest dividend data at 2020-07-19: 1.2
  - Extracted data: Per Share Dividend=1.2 (as of 2020-07-19)
Processing company 188/298: 6588
No dividend files found for company 6588
Processing company 189/298: 6732
No dividend files found for company 6732
Processing company 190/298: 8284
No dividend files found for company 8284
Processing company 191/298: 3543
No dividend files found for company 3543
Processing company 192/298: 6716
No dividend files found for company 6716
Processing company 193/298: 2743
No dividend files found for company 2743
Processing company 194/298: 3597
Found 1 dividend files for company 3597
  - Found newest dividend data at 2019-09-06: 1.8
  - Extracted data: Per Share Dividend=1.8 (as of 2019-09-06)
Processing company 195/298: 4580
Found 1 dividend files for company 4580
  - Found newest dividend data at 2019-09-04: 3.2
  - Extracted data: Per Share Dividend=3.2 (as of 2019-09-04)
Processing company 196/298: 6697
No dividend files found for company 6697
Processing company 197/298: 6527
Found 1 dividend files for company 6527
  - Found newest dividend data at 2019-08-11: 1.73
  - Extracted data: Per Share Dividend=1.73 (as of 2019-08-11)
Processing company 198/298: 6706
No dividend files found for company 6706
Processing company 199/298: 6715
Found 1 dividend files for company 6715
  - Found newest dividend data at 2019-09-09: 0.5
  - Extracted data: Per Share Dividend=0.5 (as of 2019-09-09)
Processing company 200/298: 6592
No dividend files found for company 6592
Processing company 201/298: 6698
Found 1 dividend files for company 6698
  - Found newest dividend data at 2019-08-03: 1.0
  - Extracted data: Per Share Dividend=1.0 (as of 2019-08-03)
Processing company 202/298: 6690
Found 1 dividend files for company 6690
  - Found newest dividend data at 2019-07-21: 3.0
  - Extracted data: Per Share Dividend=3.0 (as of 2019-07-21)
Processing company 203/298: 6491
Found 1 dividend files for company 6491
  - Found newest dividend data at 2019-07-28: 1.5
  - Extracted data: Per Share Dividend=1.5 (as of 2019-07-28)
Processing company 204/298: 2752
Found 1 dividend files for company 2752
  - Found newest dividend data at 2019-07-03: 6.3
  - Extracted data: Per Share Dividend=6.3 (as of 2019-07-03)
Processing company 205/298: 6642
Found 1 dividend files for company 6642
  - Found newest dividend data at 2019-05-28: 2.63
  - Extracted data: Per Share Dividend=2.63 (as of 2019-05-28)
Processing company 206/298: 4931
Found 1 dividend files for company 4931
  - Found newest dividend data at 2019-07-25: 1.0
  - Extracted data: Per Share Dividend=1.0 (as of 2019-07-25)
Processing company 207/298: 6680
Found 1 dividend files for company 6680
  - Found newest dividend data at 2019-07-28: 3.0
  - Extracted data: Per Share Dividend=3.0 (as of 2019-07-28)
Processing company 208/298: 4572
Found 1 dividend files for company 4572
  - Found newest dividend data at 2019-07-26: 3.73
  - Extracted data: Per Share Dividend=3.73 (as of 2019-07-26)
Processing company 209/298: 4576
Found 1 dividend files for company 4576
  - Found newest dividend data at 2019-08-13: 0.8
  - Extracted data: Per Share Dividend=0.8 (as of 2019-08-13)
Processing company 210/298: 6589
No dividend files found for company 6589
Processing company 211/298: 6649
No dividend files found for company 6649
Processing company 212/298: 6624
No dividend files found for company 6624
Processing company 213/298: 5283
No dividend files found for company 5283
Processing company 214/298: 6679
No dividend files found for company 6679
Processing company 215/298: 6516
No dividend files found for company 6516
Processing company 216/298: 6683
No dividend files found for company 6683
Processing company 217/298: 6669
Found 1 dividend files for company 6669
  - Found newest dividend data at 2018-08-01: 6.05
  - Extracted data: Per Share Dividend=6.05 (as of 2018-08-01)
Processing company 218/298: 6662
No dividend files found for company 6662
Processing company 219/298: 4760
No dividend files found for company 4760
Processing company 220/298: 4564
No dividend files found for company 4564
Processing company 221/298: 6418
No dividend files found for company 6418
Processing company 222/298: 6643
Found 1 dividend files for company 6643
  - Found newest dividend data at 2018-07-06: 4.5
  - Extracted data: Per Share Dividend=4.5 (as of 2018-07-06)
Processing company 223/298: 4538
Found 1 dividend files for company 4538
  - Found newest dividend data at 2018-10-05: 1.4
  - Extracted data: Per Share Dividend=1.4 (as of 2018-10-05)
Processing company 224/298: 4967
No dividend files found for company 4967
Processing company 225/298: 6590
Found 1 dividend files for company 6590
  - Found newest dividend data at 2018-07-30: 1.2
  - Extracted data: Per Share Dividend=1.2 (as of 2018-07-30)
Processing company 226/298: 6670
Found 1 dividend files for company 6670
  - Found newest dividend data at 2018-07-21: 9.0
  - Extracted data: Per Share Dividend=9.0 (as of 2018-07-21)
Processing company 227/298: 2070
Found 1 dividend files for company 2070
  - Found newest dividend data at 2018-07-16: 1.0
  - Extracted data: Per Share Dividend=1.0 (as of 2018-07-16)
Processing company 228/298: 6668
Found 1 dividend files for company 6668
  - Found newest dividend data at 2018-08-25: 2.0
  - Extracted data: Per Share Dividend=2.0 (as of 2018-08-25)
Processing company 229/298: 6671
No dividend files found for company 6671
Processing company 230/298: 6558
Found 1 dividend files for company 6558
  - Found newest dividend data at 2018-07-30: 1.11
  - Extracted data: Per Share Dividend=1.11 (as of 2018-07-30)
Processing company 231/298: 4766
Found 1 dividend files for company 4766
  - Found newest dividend data at 2018-08-10: 5.0
  - Extracted data: Per Share Dividend=5.0 (as of 2018-08-10)
Processing company 232/298: 6674
Found 1 dividend files for company 6674
  - Found newest dividend data at 2018-07-23: 1.8
  - Extracted data: Per Share Dividend=1.8 (as of 2018-07-23)
Processing company 233/298: 6655
Found 1 dividend files for company 6655
  - Found newest dividend data at 2018-07-20: 0.8
  - Extracted data: Per Share Dividend=0.8 (as of 2018-07-20)
Processing company 234/298: 3178
Found 1 dividend files for company 3178
  - Found newest dividend data at 2018-10-09: 1.0
  - Extracted data: Per Share Dividend=1.0 (as of 2018-10-09)
Processing company 235/298: 6667
Found 1 dividend files for company 6667
  - Found newest dividend data at 2018-08-13: 3.0
  - Extracted data: Per Share Dividend=3.0 (as of 2018-08-13)
Processing company 236/298: 4767
Found 1 dividend files for company 4767
  - Found newest dividend data at 2018-07-18: 1.5
  - Extracted data: Per Share Dividend=1.5 (as of 2018-07-18)
Processing company 237/298: 6654
Found 1 dividend files for company 6654
  - Found newest dividend data at 2018-07-16: 2.5
  - Extracted data: Per Share Dividend=2.5 (as of 2018-07-16)
Processing company 238/298: 6640
Found 1 dividend files for company 6640
  - Found newest dividend data at 2018-07-18: 2.5
  - Extracted data: Per Share Dividend=2.5 (as of 2018-07-18)
Processing company 239/298: 5876
Found 1 dividend files for company 5876
  - Found newest dividend data at 2018-07-28: 1.8
  - Extracted data: Per Share Dividend=1.8 (as of 2018-07-28)
Processing company 240/298: 4961
Found 1 dividend files for company 4961
  - Found newest dividend data at 2018-08-29: 0.5
  - Extracted data: Per Share Dividend=0.5 (as of 2018-08-29)
Processing company 241/298: 4568
Found 1 dividend files for company 4568
  - Found newest dividend data at 2018-09-03: 4.43
  - Extracted data: Per Share Dividend=4.43 (as of 2018-09-03)
Processing company 242/298: 6578
Found 1 dividend files for company 6578
  - Found newest dividend data at 2018-07-25: 0.5
  - Extracted data: Per Share Dividend=0.5 (as of 2018-07-25)
Processing company 243/298: 6664
Found 1 dividend files for company 6664
  - Found newest dividend data at 2018-07-23: 4.0
  - Extracted data: Per Share Dividend=4.0 (as of 2018-07-23)
Processing company 244/298: 8367
Found 1 dividend files for company 8367
  - Found newest dividend data at 2018-08-31: 1.0
  - Extracted data: Per Share Dividend=1.0 (as of 2018-08-31)
Processing company 245/298: 4540
Found 1 dividend files for company 4540
  - Found newest dividend data at 2018-07-24: 1.2
  - Extracted data: Per Share Dividend=1.2 (as of 2018-07-24)
Processing company 246/298: 1240
Found 1 dividend files for company 1240
  - Found newest dividend data at 2018-07-15: 2.5
  - Extracted data: Per Share Dividend=2.5 (as of 2018-07-15)
Processing company 247/298: 6612
Found 1 dividend files for company 6612
  - Found newest dividend data at 2018-06-29: 0.5
  - Extracted data: Per Share Dividend=0.5 (as of 2018-06-29)
Processing company 248/298: 3530
Found 1 dividend files for company 3530
  - Found newest dividend data at 2018-07-03: 2.0
  - Extracted data: Per Share Dividend=2.0 (as of 2018-07-03)
Processing company 249/298: 4744
No dividend files found for company 4744
Processing company 250/298: 4563
Found 1 dividend files for company 4563
  - Found newest dividend data at 2018-06-06: 3.5
  - Extracted data: Per Share Dividend=3.5 (as of 2018-06-06)
Processing company 251/298: 8028
Found 1 dividend files for company 8028
  - Found newest dividend data at 2018-06-27: 1.3
  - Extracted data: Per Share Dividend=1.3 (as of 2018-06-27)
Processing company 252/298: 6576
No dividend files found for company 6576
Processing company 253/298: 4989
No dividend files found for company 4989
Processing company 254/298: 4561
No dividend files found for company 4561
Processing company 255/298: 6561
No dividend files found for company 6561
Processing company 256/298: 3147
No dividend files found for company 3147
Processing company 257/298: 6288
No dividend files found for company 6288
Processing company 258/298: 5220
No dividend files found for company 5220
Processing company 259/298: 1587
No dividend files found for company 1587
Processing company 260/298: 6416
No dividend files found for company 6416
Processing company 261/298: 2745
No dividend files found for company 2745
Processing company 262/298: 6547
No dividend files found for company 6547
Processing company 263/298: 5864
No dividend files found for company 5864
Processing company 264/298: 8440
No dividend files found for company 8440
Processing company 265/298: 6461
No dividend files found for company 6461
Processing company 266/298: 8497
No dividend files found for company 8497
Processing company 267/298: 2630
No dividend files found for company 2630
Processing company 268/298: 6625
No dividend files found for company 6625
Processing company 269/298: 4566
No dividend files found for company 4566
Processing company 270/298: 6581
No dividend files found for company 6581
Processing company 271/298: 1760
No dividend files found for company 1760
Processing company 272/298: 5299
Found 1 dividend files for company 5299
  - Found newest dividend data at 2017-08-28: 0.79
  - Extracted data: Per Share Dividend=0.79 (as of 2017-08-28)
Processing company 273/298: 1796
Found 1 dividend files for company 1796
  - Found newest dividend data at 2017-07-24: 2.1
  - Extracted data: Per Share Dividend=2.1 (as of 2017-07-24)
Processing company 274/298: 6596
Found 1 dividend files for company 6596
  - Found newest dividend data at 2017-09-10: 0.0
  - Extracted data: Per Share Dividend=0.0 (as of 2017-09-10)
Processing company 275/298: 4764
Found 1 dividend files for company 4764
  - Found newest dividend data at 2017-09-04: 2.5
  - Extracted data: Per Share Dividend=2.5 (as of 2017-09-04)
Processing company 276/298: 6613
No dividend files found for company 6613
Processing company 277/298: 6570
Found 1 dividend files for company 6570
  - Found newest dividend data at 2017-07-16: 1.5
  - Extracted data: Per Share Dividend=1.5 (as of 2017-07-16)
Processing company 278/298: 8478
No dividend files found for company 8478
Processing company 279/298: 4155
Found 1 dividend files for company 4155
  - Found newest dividend data at 2017-06-27: 1.13
  - Extracted data: Per Share Dividend=1.13 (as of 2017-06-27)
Processing company 280/298: 8342
Found 1 dividend files for company 8342
  - Found newest dividend data at 2017-07-02: 5.8
  - Extracted data: Per Share Dividend=5.8 (as of 2017-07-02)
Processing company 281/298: 6593
Found 1 dividend files for company 6593
  - Found newest dividend data at 2017-08-06: 1.0
  - Extracted data: Per Share Dividend=1.0 (as of 2017-08-06)
Processing company 282/298: 6556
Found 1 dividend files for company 6556
  - Found newest dividend data at 2017-07-25: 2.0
  - Extracted data: Per Share Dividend=2.0 (as of 2017-07-25)
Processing company 283/298: 1268
Found 1 dividend files for company 1268
  - Found newest dividend data at 2017-07-22: 5.98
  - Extracted data: Per Share Dividend=5.98 (as of 2017-07-22)
Processing company 284/298: 6441
Found 1 dividend files for company 6441
  - Found newest dividend data at 2017-07-16: 4.0
  - Extracted data: Per Share Dividend=4.0 (as of 2017-07-16)
Processing company 285/298: 4741
Found 1 dividend files for company 4741
  - Found newest dividend data at 2017-07-31: 3.5
  - Extracted data: Per Share Dividend=3.5 (as of 2017-07-31)
Processing company 286/298: 6574
Found 1 dividend files for company 6574
  - Found newest dividend data at 2017-06-20: 6.47
  - Extracted data: Per Share Dividend=6.47 (as of 2017-06-20)
Processing company 287/298: 4562
Found 1 dividend files for company 4562
  - Found newest dividend data at 2017-07-10: 1.5
  - Extracted data: Per Share Dividend=1.5 (as of 2017-07-10)
Processing company 288/298: 6579
No dividend files found for company 6579
Processing company 289/298: 6582
No dividend files found for company 6582
Processing company 290/298: 2937
No dividend files found for company 2937
Processing company 291/298: 2897
No dividend files found for company 2897
Processing company 292/298: 8489
No dividend files found for company 8489
Processing company 293/298: 6438
No dividend files found for company 6438
Processing company 294/298: 6492
No dividend files found for company 6492
Processing company 295/298: 2065
No dividend files found for company 2065
Processing company 296/298: 6472
No dividend files found for company 6472
Processing company 297/298: 6577
No dividend files found for company 6577
Processing company 298/298: 6533
Found 1 dividend files for company 6533
  - Found newest dividend data at 2016-08-26: 0.0
  - Extracted data: Per Share Dividend=0.0 (as of 2016-08-26)
Writing data to output file...
Read existing data for 298 companies from auction_data_processed/Features-Company.csv
Successfully wrote data for 298 companies to auction_data_processed/Features-Company.csv
Successfully created/updated output file with data for 298 companies
Script execution completed.
