API Token loaded successfully.
Downloaded Google Sheet to auction_data.csv
Saved cleaned data to 'cleaned_auction_data.csv'.
No row limit set. Processing all rows from the CSV file
Processing stock 6936 for period 2023-12-01 to 2025-05-16
Data successfully written to stockdata/[6936] 2023-12-01-2025-05-16.csv
Data successfully written to dividend/[6936] 2023-12-01-2025-05-16-dividend.csv
No data returned for the given parameters on PER_PBR.
Data successfully written to company-profile/[6936] 2023-12-01-2025-05-16-company-profile.csv
Data successfully written to financial/[6936] 2023-12-01-2025-05-16-financial.csv
Data successfully written to TWSE_TPEX/[6936] 2023-12-01-2025-05-16-TWSE_TPEX.csv
-----Processed row 1 of 284-----
Processing stock 6597 for period 2024-11-11 to 2025-05-14
Data successfully written to stockdata/[6597] 2024-11-11-2025-05-14.csv
No data returned for the given parameters on dividend.
No data returned for the given parameters on PER_PBR.
Data successfully written to company-profile/[6597] 2024-11-11-2025-05-14-company-profile.csv
Data successfully written to financial/[6597] 2024-11-11-2025-05-14-financial.csv
Data successfully written to TWSE_TPEX/[6597] 2024-11-11-2025-05-14-TWSE_TPEX.csv
-----Processed row 2 of 284-----
Processing stock 3467 for period 2024-09-05 to 2025-04-14
Data successfully written to stockdata/[3467] 2024-09-05-2025-04-14.csv
No data returned for the given parameters on dividend.
Data successfully written to PER_PBR/[3467] 2024-09-05-2025-04-14-PER_PBR.csv
Data successfully written to company-profile/[3467] 2024-09-05-2025-04-14-company-profile.csv
Data successfully written to financial/[3467] 2024-09-05-2025-04-14-financial.csv
Data successfully written to TWSE_TPEX/[3467] 2024-09-05-2025-04-14-TWSE_TPEX.csv
-----Processed row 3 of 284-----
Processing stock 7718 for period 2024-10-09 to 2025-04-07
文件 stockdata/[7718] 2024-10-09-2025-04-07.csv 已包含結束日期 2025-04-07 的數據，跳過 API 請求
No data returned for the given parameters on dividend.
文件 PER_PBR/[7718] 2024-10-09-2025-04-07-PER_PBR.csv 已包含結束日期 2025-04-07 的數據，跳過 API 請求
Data successfully written to company-profile/[7718] 2024-10-09-2025-04-07-company-profile.csv
Data successfully written to financial/[7718] 2024-10-09-2025-04-07-financial.csv
文件 TWSE_TPEX/[7718] 2024-10-09-2025-04-07-TWSE_TPEX.csv 已包含結束日期 2025-04-07 的數據，跳過 API 請求
-----Processed row 4 of 284-----
Processing stock 7736 for period 2024-09-19 to 2025-04-07
文件 stockdata/[7736] 2024-09-19-2025-04-07.csv 已包含結束日期 2025-04-07 的數據，跳過 API 請求
No data returned for the given parameters on dividend.
文件 PER_PBR/[7736] 2024-09-19-2025-04-07-PER_PBR.csv 已包含結束日期 2025-04-07 的數據，跳過 API 請求
Data successfully written to company-profile/[7736] 2024-09-19-2025-04-07-company-profile.csv
Data successfully written to financial/[7736] 2024-09-19-2025-04-07-financial.csv
文件 TWSE_TPEX/[7736] 2024-09-19-2025-04-07-TWSE_TPEX.csv 已包含結束日期 2025-04-07 的數據，跳過 API 請求
-----Processed row 5 of 284-----
Processing stock 6872 for period 2024-07-23 to 2025-03-27
文件 stockdata/[6872] 2024-07-23-2025-03-27.csv 已包含結束日期 2025-03-27 的數據，跳過 API 請求
No data returned for the given parameters on dividend.
文件 PER_PBR/[6872] 2024-07-23-2025-03-27-PER_PBR.csv 已包含結束日期 2025-03-27 的數據，跳過 API 請求
Data successfully written to company-profile/[6872] 2024-07-23-2025-03-27-company-profile.csv
Data successfully written to financial/[6872] 2024-07-23-2025-03-27-financial.csv
文件 TWSE_TPEX/[6872] 2024-07-23-2025-03-27-TWSE_TPEX.csv 已包含結束日期 2025-03-27 的數據，跳過 API 請求
-----Processed row 6 of 284-----
Processing stock 7728 for period 2024-09-05 to 2025-03-26
文件 stockdata/[7728] 2024-09-05-2025-03-26.csv 已包含結束日期 2025-03-26 的數據，跳過 API 請求
No data returned for the given parameters on dividend.
文件 PER_PBR/[7728] 2024-09-05-2025-03-26-PER_PBR.csv 已包含結束日期 2025-03-26 的數據，跳過 API 請求
Data successfully written to company-profile/[7728] 2024-09-05-2025-03-26-company-profile.csv
Data successfully written to financial/[7728] 2024-09-05-2025-03-26-financial.csv
文件 TWSE_TPEX/[7728] 2024-09-05-2025-03-26-TWSE_TPEX.csv 已包含結束日期 2025-03-26 的數據，跳過 API 請求
-----Processed row 7 of 284-----
Processing stock 7734 for period 2024-09-06 to 2025-03-18
文件 stockdata/[7734] 2024-09-06-2025-03-18.csv 已包含結束日期 2025-03-18 的數據，跳過 API 請求
No data returned for the given parameters on dividend.
文件 PER_PBR/[7734] 2024-09-06-2025-03-18-PER_PBR.csv 已包含結束日期 2025-03-18 的數據，跳過 API 請求
Data successfully written to company-profile/[7734] 2024-09-06-2025-03-18-company-profile.csv
Data successfully written to financial/[7734] 2024-09-06-2025-03-18-financial.csv
文件 TWSE_TPEX/[7734] 2024-09-06-2025-03-18-TWSE_TPEX.csv 已包含結束日期 2025-03-18 的數據，跳過 API 請求
-----Processed row 8 of 284-----
Processing stock 7709 for period 2024-08-16 to 2025-03-17
文件 stockdata/[7709] 2024-08-16-2025-03-17.csv 已包含結束日期 2025-03-17 的數據，跳過 API 請求
No data returned for the given parameters on dividend.
文件 PER_PBR/[7709] 2024-08-16-2025-03-17-PER_PBR.csv 已包含結束日期 2025-03-17 的數據，跳過 API 請求
Data successfully written to company-profile/[7709] 2024-08-16-2025-03-17-company-profile.csv
Data successfully written to financial/[7709] 2024-08-16-2025-03-17-financial.csv
文件 TWSE_TPEX/[7709] 2024-08-16-2025-03-17-TWSE_TPEX.csv 已包含結束日期 2025-03-17 的數據，跳過 API 請求
-----Processed row 9 of 284-----
Processing stock 7713 for period 2024-08-26 to 2025-03-14
文件 stockdata/[7713] 2024-08-26-2025-03-14.csv 已包含結束日期 2025-03-14 的數據，跳過 API 請求
No data returned for the given parameters on dividend.
文件 PER_PBR/[7713] 2024-08-26-2025-03-14-PER_PBR.csv 已包含結束日期 2025-03-14 的數據，跳過 API 請求
Data successfully written to company-profile/[7713] 2024-08-26-2025-03-14-company-profile.csv
Data successfully written to financial/[7713] 2024-08-26-2025-03-14-financial.csv
文件 TWSE_TPEX/[7713] 2024-08-26-2025-03-14-TWSE_TPEX.csv 已包含結束日期 2025-03-14 的數據，跳過 API 請求
-----Processed row 10 of 284-----
Processing stock 4749 for period 2024-07-10 to 2025-02-06
文件 stockdata/[4749] 2024-07-10-2025-02-06.csv 已包含結束日期 2025-02-06 的數據，跳過 API 請求
文件 dividend/[4749] 2024-07-10-2025-02-06-dividend.csv 已包含股票代碼 4749 的數據，且開標日期非在今兩個月範圍內，跳過 API 請求
文件 PER_PBR/[4749] 2024-07-10-2025-02-06-PER_PBR.csv 已包含結束日期 2025-02-06 的數據，跳過 API 請求
文件 company-profile/[4749] 2024-07-10-2025-02-06-company-profile.csv 已包含股票代碼 4749 的數據，且開標日期非在今兩個月範圍內，跳過 API 請求
文件 financial/[4749] 2024-07-10-2025-02-06-financial.csv 已包含股票代碼 4749 的數據，且開標日期非在今兩個月範圍內，跳過 API 請求
文件 TWSE_TPEX/[4749] 2024-07-10-2025-02-06-TWSE_TPEX.csv 已包含結束日期 2025-02-06 的數據，跳過 API 請求
-----Processed row 11 of 284-----
Processing stock 7715 for period 2024-07-11 to 2025-02-04
文件 stockdata/[7715] 2024-07-11-2025-02-04.csv 已包含結束日期 2025-02-04 的數據，跳過 API 請求
No data returned for the given parameters on dividend.
文件 PER_PBR/[7715] 2024-07-11-2025-02-04-PER_PBR.csv 已包含結束日期 2025-02-04 的數據，跳過 API 請求
文件 company-profile/[7715] 2024-07-11-2025-02-04-company-profile.csv 已包含股票代碼 7715 的數據，且開標日期非在今兩個月範圍內，跳過 API 請求
文件 financial/[7715] 2024-07-11-2025-02-04-financial.csv 已包含股票代碼 7715 的數據，且開標日期非在今兩個月範圍內，跳過 API 請求
文件 TWSE_TPEX/[7715] 2024-07-11-2025-02-04-TWSE_TPEX.csv 已包含結束日期 2025-02-04 的數據，跳過 API 請求
-----Processed row 12 of 284-----
Processing stock 6994 for period 2024-06-05 to 2025-02-04
文件 stockdata/[6994] 2024-06-05-2025-02-04.csv 已包含結束日期 2025-02-04 的數據，跳過 API 請求
文件 dividend/[6994] 2024-06-05-2025-02-04-dividend.csv 已包含股票代碼 6994 的數據，且開標日期非在今兩個月範圍內，跳過 API 請求
文件 PER_PBR/[6994] 2024-06-05-2025-02-04-PER_PBR.csv 已包含結束日期 2025-02-04 的數據，跳過 API 請求
文件 company-profile/[6994] 2024-06-05-2025-02-04-company-profile.csv 已包含股票代碼 6994 的數據，且開標日期非在今兩個月範圍內，跳過 API 請求
文件 financial/[6994] 2024-06-05-2025-02-04-financial.csv 已包含股票代碼 6994 的數據，且開標日期非在今兩個月範圍內，跳過 API 請求
文件 TWSE_TPEX/[6994] 2024-06-05-2025-02-04-TWSE_TPEX.csv 已包含結束日期 2025-02-04 的數據，跳過 API 請求
-----Processed row 13 of 284-----
Processing stock 6931 for period 2024-09-05 to 2025-02-04
文件 stockdata/[6931] 2024-09-05-2025-02-04.csv 已包含結束日期 2025-02-04 的數據，跳過 API 請求
No data returned for the given parameters on dividend.
文件 PER_PBR/[6931] 2024-09-05-2025-02-04-PER_PBR.csv 已包含結束日期 2025-02-04 的數據，跳過 API 請求
文件 company-profile/[6931] 2024-09-05-2025-02-04-company-profile.csv 已包含股票代碼 6931 的數據，且開標日期非在今兩個月範圍內，跳過 API 請求
文件 financial/[6931] 2024-09-05-2025-02-04-financial.csv 已包含股票代碼 6931 的數據，且開標日期非在今兩個月範圍內，跳過 API 請求
文件 TWSE_TPEX/[6931] 2024-09-05-2025-02-04-TWSE_TPEX.csv 已包含結束日期 2025-02-04 的數據，跳過 API 請求
-----Processed row 14 of 284-----
Processing stock 7714 for period 2024-08-05 to 2025-02-04
文件 stockdata/[7714] 2024-08-05-2025-02-04.csv 已包含結束日期 2025-02-04 的數據，跳過 API 請求
文件 dividend/[7714] 2024-08-05-2025-02-04-dividend.csv 已包含股票代碼 7714 的數據，且開標日期非在今兩個月範圍內，跳過 API 請求
文件 PER_PBR/[7714] 2024-08-05-2025-02-04-PER_PBR.csv 已包含結束日期 2025-02-04 的數據，跳過 API 請求
文件 company-profile/[7714] 2024-08-05-2025-02-04-company-profile.csv 已包含股票代碼 7714 的數據，且開標日期非在今兩個月範圍內，跳過 API 請求
文件 financial/[7714] 2024-08-05-2025-02-04-financial.csv 已包含股票代碼 7714 的數據，且開標日期非在今兩個月範圍內，跳過 API 請求
文件 TWSE_TPEX/[7714] 2024-08-05-2025-02-04-TWSE_TPEX.csv 已包含結束日期 2025-02-04 的數據，跳過 API 請求
-----Processed row 15 of 284-----
Processing stock 7732 for period 2024-08-29 to 2025-02-03
文件 stockdata/[7732] 2024-08-29-2025-02-03.csv 已包含結束日期 2025-02-03 的數據，跳過 API 請求
No data returned for the given parameters on dividend.
文件 PER_PBR/[7732] 2024-08-29-2025-02-03-PER_PBR.csv 已包含結束日期 2025-02-03 的數據，跳過 API 請求
文件 company-profile/[7732] 2024-08-29-2025-02-03-company-profile.csv 已包含股票代碼 7732 的數據，且開標日期非在今兩個月範圍內，跳過 API 請求
文件 financial/[7732] 2024-08-29-2025-02-03-financial.csv 已包含股票代碼 7732 的數據，且開標日期非在今兩個月範圍內，跳過 API 請求
文件 TWSE_TPEX/[7732] 2024-08-29-2025-02-03-TWSE_TPEX.csv 已包含結束日期 2025-02-03 的數據，跳過 API 請求
-----Processed row 16 of 284-----
Processing stock 7712 for period 2024-06-07 to 2025-01-15
文件 stockdata/[7712] 2024-06-07-2025-01-15.csv 已包含結束日期 2025-01-15 的數據，跳過 API 請求
文件 dividend/[7712] 2024-06-07-2025-01-15-dividend.csv 已包含股票代碼 7712 的數據，且開標日期非在今兩個月範圍內，跳過 API 請求
文件 PER_PBR/[7712] 2024-06-07-2025-01-15-PER_PBR.csv 已包含結束日期 2025-01-15 的數據，跳過 API 請求
文件 company-profile/[7712] 2024-06-07-2025-01-15-company-profile.csv 已包含股票代碼 7712 的數據，且開標日期非在今兩個月範圍內，跳過 API 請求
文件 financial/[7712] 2024-06-07-2025-01-15-financial.csv 已包含股票代碼 7712 的數據，且開標日期非在今兩個月範圍內，跳過 API 請求
文件 TWSE_TPEX/[7712] 2024-06-07-2025-01-15-TWSE_TPEX.csv 已包含結束日期 2025-01-15 的數據，跳過 API 請求
-----Processed row 17 of 284-----
Processing stock 6982 for period 2024-07-02 to 2025-01-07
文件 stockdata/[6982] 2024-07-02-2025-01-07.csv 已包含結束日期 2025-01-07 的數據，跳過 API 請求
文件 dividend/[6982] 2024-07-02-2025-01-07-dividend.csv 已包含股票代碼 6982 的數據，且開標日期非在今兩個月範圍內，跳過 API 請求
文件 PER_PBR/[6982] 2024-07-02-2025-01-07-PER_PBR.csv 已包含結束日期 2025-01-07 的數據，跳過 API 請求
文件 company-profile/[6982] 2024-07-02-2025-01-07-company-profile.csv 已包含股票代碼 6982 的數據，且開標日期非在今兩個月範圍內，跳過 API 請求
文件 financial/[6982] 2024-07-02-2025-01-07-financial.csv 已包含股票代碼 6982 的數據，且開標日期非在今兩個月範圍內，跳過 API 請求
文件 TWSE_TPEX/[6982] 2024-07-02-2025-01-07-TWSE_TPEX.csv 已包含結束日期 2025-01-07 的數據，跳過 API 請求
-----Processed row 18 of 284-----
Processing stock 7704 for period 2024-05-29 to 2025-01-03
文件 stockdata/[7704] 2024-05-29-2025-01-03.csv 已包含結束日期 2025-01-03 的數據，跳過 API 請求
文件 dividend/[7704] 2024-05-29-2025-01-03-dividend.csv 已包含股票代碼 7704 的數據，且開標日期非在今兩個月範圍內，跳過 API 請求
文件 PER_PBR/[7704] 2024-05-29-2025-01-03-PER_PBR.csv 已包含結束日期 2025-01-03 的數據，跳過 API 請求
文件 company-profile/[7704] 2024-05-29-2025-01-03-company-profile.csv 已包含股票代碼 7704 的數據，且開標日期非在今兩個月範圍內，跳過 API 請求
文件 financial/[7704] 2024-05-29-2025-01-03-financial.csv 已包含股票代碼 7704 的數據，且開標日期非在今兩個月範圍內，跳過 API 請求
文件 TWSE_TPEX/[7704] 2024-05-29-2025-01-03-TWSE_TPEX.csv 已包含結束日期 2025-01-03 的數據，跳過 API 請求
-----Processed row 19 of 284-----
Processing stock 6885 for period 2024-07-08 to 2025-01-03
文件 stockdata/[6885] 2024-07-08-2025-01-03.csv 已包含結束日期 2025-01-03 的數據，跳過 API 請求
No data returned for the given parameters on dividend.
文件 PER_PBR/[6885] 2024-07-08-2025-01-03-PER_PBR.csv 已包含結束日期 2025-01-03 的數據，跳過 API 請求
文件 company-profile/[6885] 2024-07-08-2025-01-03-company-profile.csv 已包含股票代碼 6885 的數據，且開標日期非在今兩個月範圍內，跳過 API 請求
文件 financial/[6885] 2024-07-08-2025-01-03-financial.csv 已包含股票代碼 6885 的數據，且開標日期非在今兩個月範圍內，跳過 API 請求
文件 TWSE_TPEX/[6885] 2024-07-08-2025-01-03-TWSE_TPEX.csv 已包含結束日期 2025-01-03 的數據，跳過 API 請求
-----Processed row 20 of 284-----
Processing stock 6997 for period 2024-07-10 to 2025-01-03
文件 stockdata/[6997] 2024-07-10-2025-01-03.csv 已包含結束日期 2025-01-03 的數據，跳過 API 請求
文件 dividend/[6997] 2024-07-10-2025-01-03-dividend.csv 已包含股票代碼 6997 的數據，且開標日期非在今兩個月範圍內，跳過 API 請求
文件 PER_PBR/[6997] 2024-07-10-2025-01-03-PER_PBR.csv 已包含結束日期 2025-01-03 的數據，跳過 API 請求
文件 company-profile/[6997] 2024-07-10-2025-01-03-company-profile.csv 已包含股票代碼 6997 的數據，且開標日期非在今兩個月範圍內，跳過 API 請求
文件 financial/[6997] 2024-07-10-2025-01-03-financial.csv 已包含股票代碼 6997 的數據，且開標日期非在今兩個月範圍內，跳過 API 請求
文件 TWSE_TPEX/[6997] 2024-07-10-2025-01-03-TWSE_TPEX.csv 已包含結束日期 2025-01-03 的數據，跳過 API 請求
-----Processed row 21 of 284-----
Processing stock 8045 for period 2024-05-31 to 2024-12-31
文件 stockdata/[8045] 2024-05-31-2024-12-31.csv 已包含結束日期 2024-12-31 的數據，跳過 API 請求
文件 dividend/[8045] 2024-05-31-2024-12-31-dividend.csv 已包含股票代碼 8045 的數據，且開標日期非在今兩個月範圍內，跳過 API 請求
文件 PER_PBR/[8045] 2024-05-31-2024-12-31-PER_PBR.csv 已包含結束日期 2024-12-31 的數據，跳過 API 請求
文件 company-profile/[8045] 2024-05-31-2024-12-31-company-profile.csv 已包含股票代碼 8045 的數據，且開標日期非在今兩個月範圍內，跳過 API 請求
文件 financial/[8045] 2024-05-31-2024-12-31-financial.csv 已包含股票代碼 8045 的數據，且開標日期非在今兩個月範圍內，跳過 API 請求
文件 TWSE_TPEX/[8045] 2024-05-31-2024-12-31-TWSE_TPEX.csv 已包含結束日期 2024-12-31 的數據，跳過 API 請求
-----Processed row 22 of 284-----
Processing stock 6996 for period 2024-06-05 to 2024-12-30
文件 stockdata/[6996] 2024-06-05-2024-12-30.csv 已包含結束日期 2024-12-30 的數據，跳過 API 請求
No data returned for the given parameters on dividend.
文件 PER_PBR/[6996] 2024-06-05-2024-12-30-PER_PBR.csv 已包含結束日期 2024-12-30 的數據，跳過 API 請求
文件 company-profile/[6996] 2024-06-05-2024-12-30-company-profile.csv 已包含股票代碼 6996 的數據，且開標日期非在今兩個月範圍內，跳過 API 請求
文件 financial/[6996] 2024-06-05-2024-12-30-financial.csv 已包含股票代碼 6996 的數據，且開標日期非在今兩個月範圍內，跳過 API 請求
文件 TWSE_TPEX/[6996] 2024-06-05-2024-12-30-TWSE_TPEX.csv 已包含結束日期 2024-12-30 的數據，跳過 API 請求
-----Processed row 23 of 284-----
Processing stock 7722 for period 2024-07-08 to 2024-12-25
文件 stockdata/[7722] 2024-07-08-2024-12-25.csv 已包含結束日期 2024-12-25 的數據，跳過 API 請求
No data returned for the given parameters on dividend.
文件 PER_PBR/[7722] 2024-07-08-2024-12-25-PER_PBR.csv 已包含結束日期 2024-12-25 的數據，跳過 API 請求
文件 company-profile/[7722] 2024-07-08-2024-12-25-company-profile.csv 已包含股票代碼 7722 的數據，且開標日期非在今兩個月範圍內，跳過 API 請求
文件 financial/[7722] 2024-07-08-2024-12-25-financial.csv 已包含股票代碼 7722 的數據，且開標日期非在今兩個月範圍內，跳過 API 請求
文件 TWSE_TPEX/[7722] 2024-07-08-2024-12-25-TWSE_TPEX.csv 已包含結束日期 2024-12-25 的數據，跳過 API 請求
-----Processed row 24 of 284-----
Processing stock 6720 for period 2024-07-08 to 2024-12-24
文件 stockdata/[6720] 2024-07-08-2024-12-24.csv 已包含結束日期 2024-12-24 的數據，跳過 API 請求
No data returned for the given parameters on dividend.
文件 PER_PBR/[6720] 2024-07-08-2024-12-24-PER_PBR.csv 已包含結束日期 2024-12-24 的數據，跳過 API 請求
文件 company-profile/[6720] 2024-07-08-2024-12-24-company-profile.csv 已包含股票代碼 6720 的數據，且開標日期非在今兩個月範圍內，跳過 API 請求
文件 financial/[6720] 2024-07-08-2024-12-24-financial.csv 已包含股票代碼 6720 的數據，且開標日期非在今兩個月範圍內，跳過 API 請求
文件 TWSE_TPEX/[6720] 2024-07-08-2024-12-24-TWSE_TPEX.csv 已包含結束日期 2024-12-24 的數據，跳過 API 請求
-----Processed row 25 of 284-----
Processing stock 7705 for period 2024-06-05 to 2024-12-16
文件 stockdata/[7705] 2024-06-05-2024-12-16.csv 已包含結束日期 2024-12-16 的數據，跳過 API 請求
文件 dividend/[7705] 2024-06-05-2024-12-16-dividend.csv 已包含股票代碼 7705 的數據，且開標日期非在今兩個月範圍內，跳過 API 請求
文件 PER_PBR/[7705] 2024-06-05-2024-12-16-PER_PBR.csv 已包含結束日期 2024-12-16 的數據，跳過 API 請求
文件 company-profile/[7705] 2024-06-05-2024-12-16-company-profile.csv 已包含股票代碼 7705 的數據，且開標日期非在今兩個月範圍內，跳過 API 請求
文件 financial/[7705] 2024-06-05-2024-12-16-financial.csv 已包含股票代碼 7705 的數據，且開標日期非在今兩個月範圍內，跳過 API 請求
文件 TWSE_TPEX/[7705] 2024-06-05-2024-12-16-TWSE_TPEX.csv 已包含結束日期 2024-12-16 的數據，跳過 API 請求
-----Processed row 26 of 284-----
Processing stock 7708 for period 2024-06-07 to 2024-12-05
文件 stockdata/[7708] 2024-06-07-2024-12-05.csv 已包含結束日期 2024-12-05 的數據，跳過 API 請求
文件 dividend/[7708] 2024-06-07-2024-12-05-dividend.csv 已包含股票代碼 7708 的數據，且開標日期非在今兩個月範圍內，跳過 API 請求
文件 PER_PBR/[7708] 2024-06-07-2024-12-05-PER_PBR.csv 已包含結束日期 2024-12-05 的數據，跳過 API 請求
文件 company-profile/[7708] 2024-06-07-2024-12-05-company-profile.csv 已包含股票代碼 7708 的數據，且開標日期非在今兩個月範圍內，跳過 API 請求
文件 financial/[7708] 2024-06-07-2024-12-05-financial.csv 已包含股票代碼 7708 的數據，且開標日期非在今兩個月範圍內，跳過 API 請求
文件 TWSE_TPEX/[7708] 2024-06-07-2024-12-05-TWSE_TPEX.csv 已包含結束日期 2024-12-05 的數據，跳過 API 請求
-----Processed row 27 of 284-----
Processing stock 7703 for period 2024-06-05 to 2024-12-03
文件 stockdata/[7703] 2024-06-05-2024-12-03.csv 已包含結束日期 2024-12-03 的數據，跳過 API 請求
文件 dividend/[7703] 2024-06-05-2024-12-03-dividend.csv 已包含股票代碼 7703 的數據，且開標日期非在今兩個月範圍內，跳過 API 請求
文件 PER_PBR/[7703] 2024-06-05-2024-12-03-PER_PBR.csv 已包含結束日期 2024-12-03 的數據，跳過 API 請求
文件 company-profile/[7703] 2024-06-05-2024-12-03-company-profile.csv 已包含股票代碼 7703 的數據，且開標日期非在今兩個月範圍內，跳過 API 請求
文件 financial/[7703] 2024-06-05-2024-12-03-financial.csv 已包含股票代碼 7703 的數據，且開標日期非在今兩個月範圍內，跳過 API 請求
文件 TWSE_TPEX/[7703] 2024-06-05-2024-12-03-TWSE_TPEX.csv 已包含結束日期 2024-12-03 的數據，跳過 API 請求
-----Processed row 28 of 284-----
Processing stock 2646 for period 2024-06-07 to 2024-11-14
文件 stockdata/[2646] 2024-06-07-2024-11-14.csv 已包含結束日期 2024-11-14 的數據，跳過 API 請求
No data returned for the given parameters on dividend.
文件 PER_PBR/[2646] 2024-06-07-2024-11-14-PER_PBR.csv 已包含結束日期 2024-11-14 的數據，跳過 API 請求
文件 company-profile/[2646] 2024-06-07-2024-11-14-company-profile.csv 已包含股票代碼 2646 的數據，且開標日期非在今兩個月範圍內，跳過 API 請求
文件 financial/[2646] 2024-06-07-2024-11-14-financial.csv 已包含股票代碼 2646 的數據，且開標日期非在今兩個月範圍內，跳過 API 請求
文件 TWSE_TPEX/[2646] 2024-06-07-2024-11-14-TWSE_TPEX.csv 已包含結束日期 2024-11-14 的數據，跳過 API 請求
-----Processed row 29 of 284-----
Processing stock 8272 for period 2024-04-09 to 2024-11-12
文件 stockdata/[8272] 2024-04-09-2024-11-12.csv 已包含結束日期 2024-11-12 的數據，跳過 API 請求
文件 dividend/[8272] 2024-04-09-2024-11-12-dividend.csv 已包含股票代碼 8272 的數據，且開標日期非在今兩個月範圍內，跳過 API 請求
文件 PER_PBR/[8272] 2024-04-09-2024-11-12-PER_PBR.csv 已包含結束日期 2024-11-12 的數據，跳過 API 請求
文件 company-profile/[8272] 2024-04-09-2024-11-12-company-profile.csv 已包含股票代碼 8272 的數據，且開標日期非在今兩個月範圍內，跳過 API 請求
文件 financial/[8272] 2024-04-09-2024-11-12-financial.csv 已包含股票代碼 8272 的數據，且開標日期非在今兩個月範圍內，跳過 API 請求
文件 TWSE_TPEX/[8272] 2024-04-09-2024-11-12-TWSE_TPEX.csv 已包含結束日期 2024-11-12 的數據，跳過 API 請求
-----Processed row 30 of 284-----
Processing stock 6919 for period 2024-04-10 to 2024-10-22
文件 stockdata/[6919] 2024-04-10-2024-10-22.csv 已包含結束日期 2024-10-22 的數據，跳過 API 請求
No data returned for the given parameters on dividend.
文件 PER_PBR/[6919] 2024-04-10-2024-10-22-PER_PBR.csv 已包含結束日期 2024-10-22 的數據，跳過 API 請求
文件 company-profile/[6919] 2024-04-10-2024-10-22-company-profile.csv 已包含股票代碼 6919 的數據，且開標日期非在今兩個月範圍內，跳過 API 請求
文件 financial/[6919] 2024-04-10-2024-10-22-financial.csv 已包含股票代碼 6919 的數據，且開標日期非在今兩個月範圍內，跳過 API 請求
文件 TWSE_TPEX/[6919] 2024-04-10-2024-10-22-TWSE_TPEX.csv 已包含結束日期 2024-10-22 的數據，跳過 API 請求
-----Processed row 31 of 284-----
Processing stock 6913 for period 2024-05-10 to 2024-10-21
文件 stockdata/[6913] 2024-05-10-2024-10-21.csv 已包含結束日期 2024-10-21 的數據，跳過 API 請求
文件 dividend/[6913] 2024-05-10-2024-10-21-dividend.csv 已包含股票代碼 6913 的數據，且開標日期非在今兩個月範圍內，跳過 API 請求
文件 PER_PBR/[6913] 2024-05-10-2024-10-21-PER_PBR.csv 已包含結束日期 2024-10-21 的數據，跳過 API 請求
文件 company-profile/[6913] 2024-05-10-2024-10-21-company-profile.csv 已包含股票代碼 6913 的數據，且開標日期非在今兩個月範圍內，跳過 API 請求
文件 financial/[6913] 2024-05-10-2024-10-21-financial.csv 已包含股票代碼 6913 的數據，且開標日期非在今兩個月範圍內，跳過 API 請求
文件 TWSE_TPEX/[6913] 2024-05-10-2024-10-21-TWSE_TPEX.csv 已包含結束日期 2024-10-21 的數據，跳過 API 請求
-----Processed row 32 of 284-----
Processing stock 1294 for period 2024-03-19 to 2024-10-16
文件 stockdata/[1294] 2024-03-19-2024-10-16.csv 已包含結束日期 2024-10-16 的數據，跳過 API 請求
文件 dividend/[1294] 2024-03-19-2024-10-16-dividend.csv 已包含股票代碼 1294 的數據，且開標日期非在今兩個月範圍內，跳過 API 請求
文件 PER_PBR/[1294] 2024-03-19-2024-10-16-PER_PBR.csv 已包含結束日期 2024-10-16 的數據，跳過 API 請求
文件 company-profile/[1294] 2024-03-19-2024-10-16-company-profile.csv 已包含股票代碼 1294 的數據，且開標日期非在今兩個月範圍內，跳過 API 請求
文件 financial/[1294] 2024-03-19-2024-10-16-financial.csv 已包含股票代碼 1294 的數據，且開標日期非在今兩個月範圍內，跳過 API 請求
文件 TWSE_TPEX/[1294] 2024-03-19-2024-10-16-TWSE_TPEX.csv 已包含結束日期 2024-10-16 的數據，跳過 API 請求
-----Processed row 33 of 284-----
Processing stock 6967 for period 2024-04-10 to 2024-10-15
文件 stockdata/[6967] 2024-04-10-2024-10-15.csv 已包含結束日期 2024-10-15 的數據，跳過 API 請求
No data returned for the given parameters on dividend.
文件 PER_PBR/[6967] 2024-04-10-2024-10-15-PER_PBR.csv 已包含結束日期 2024-10-15 的數據，跳過 API 請求
文件 company-profile/[6967] 2024-04-10-2024-10-15-company-profile.csv 已包含股票代碼 6967 的數據，且開標日期非在今兩個月範圍內，跳過 API 請求
文件 financial/[6967] 2024-04-10-2024-10-15-financial.csv 已包含股票代碼 6967 的數據，且開標日期非在今兩個月範圍內，跳過 API 請求
文件 TWSE_TPEX/[6967] 2024-04-10-2024-10-15-TWSE_TPEX.csv 已包含結束日期 2024-10-15 的數據，跳過 API 請求
-----Processed row 34 of 284-----
Processing stock 6923 for period 2024-04-12 to 2024-10-15
文件 stockdata/[6923] 2024-04-12-2024-10-15.csv 已包含結束日期 2024-10-15 的數據，跳過 API 請求
文件 dividend/[6923] 2024-04-12-2024-10-15-dividend.csv 已包含股票代碼 6923 的數據，且開標日期非在今兩個月範圍內，跳過 API 請求
文件 PER_PBR/[6923] 2024-04-12-2024-10-15-PER_PBR.csv 已包含結束日期 2024-10-15 的數據，跳過 API 請求
文件 company-profile/[6923] 2024-04-12-2024-10-15-company-profile.csv 已包含股票代碼 6923 的數據，且開標日期非在今兩個月範圍內，跳過 API 請求
文件 financial/[6923] 2024-04-12-2024-10-15-financial.csv 已包含股票代碼 6923 的數據，且開標日期非在今兩個月範圍內，跳過 API 請求
文件 TWSE_TPEX/[6923] 2024-04-12-2024-10-15-TWSE_TPEX.csv 已包含結束日期 2024-10-15 的數據，跳過 API 請求
-----Processed row 35 of 284-----
Processing stock 4772 for period 2024-03-19 to 2024-10-10
Data successfully written to stockdata/[4772] 2024-03-19-2024-10-10.csv
文件 dividend/[4772] 2024-03-19-2024-10-10-dividend.csv 已包含股票代碼 4772 的數據，且開標日期非在今兩個月範圍內，跳過 API 請求
Data successfully written to PER_PBR/[4772] 2024-03-19-2024-10-10-PER_PBR.csv
文件 company-profile/[4772] 2024-03-19-2024-10-10-company-profile.csv 已包含股票代碼 4772 的數據，且開標日期非在今兩個月範圍內，跳過 API 請求
文件 financial/[4772] 2024-03-19-2024-10-10-financial.csv 已包含股票代碼 4772 的數據，且開標日期非在今兩個月範圍內，跳過 API 請求
Data successfully written to TWSE_TPEX/[4772] 2024-03-19-2024-10-10-TWSE_TPEX.csv
-----Processed row 36 of 284-----
Processing stock 2751 for period 2024-03-08 to 2024-09-30
文件 stockdata/[2751] 2024-03-08-2024-09-30.csv 已包含結束日期 2024-09-30 的數據，跳過 API 請求
文件 dividend/[2751] 2024-03-08-2024-09-30-dividend.csv 已包含股票代碼 2751 的數據，且開標日期非在今兩個月範圍內，跳過 API 請求
文件 PER_PBR/[2751] 2024-03-08-2024-09-30-PER_PBR.csv 已包含結束日期 2024-09-30 的數據，跳過 API 請求
