Starting FindMind-read_company-profile.py (Version 1.0.6.0)
Output file auction_data_processed/Features-Company.csv already exists.
Directory already exists: company-profile
Output directory already exists: auction_data_processed
Downloading company list...
Processing data for 280 companies...
Processing company 1/280: 5547
No company-profile files found for company 5547
Processing company 2/280: 6934
No company-profile files found for company 6934
Processing company 3/280: 7792
No company-profile files found for company 7792
Processing company 4/280: 6961
No company-profile files found for company 6961
Processing company 5/280: 1623
No company-profile files found for company 1623
Processing company 6/280: 6722
No company-profile files found for company 6722
Processing company 7/280: 7795
No company-profile files found for company 7795
Processing company 8/280: 7715
Found 1 company-profile files for company 7715
  - Processed [7715] 2024-07-11-2025-02-04-company-profile.csv: Latest date 2025-04-04
  - Extracted data: Industry Category=綠能環保類 (newest), Type=tpex (most common)
Processing company 9/280: 6994
Found 1 company-profile files for company 6994
  - Processed [6994] 2024-06-05-2025-02-04-company-profile.csv: Latest date 2025-04-04
  - Extracted data: Industry Category=綠能環保 (newest), Type=twse (most common)
Processing company 10/280: 6931
Found 1 company-profile files for company 6931
  - Processed [6931] 2024-09-05-2025-02-04-company-profile.csv: Latest date 2025-04-04
  - Extracted data: Industry Category=化學生技醫療 (newest), Type=twse (most common)
Processing company 11/280: 7714
Found 1 company-profile files for company 7714
  - Processed [7714] 2024-08-05-2025-02-04-company-profile.csv: Latest date 2025-04-04
  - Extracted data: Industry Category=數位雲端類 (newest), Type=tpex (most common)
Processing company 12/280: 7732
Found 1 company-profile files for company 7732
  - Processed [7732] 2024-08-29-2025-02-03-company-profile.csv: Latest date 2025-04-03
  - Extracted data: Industry Category=汽車工業 (newest), Type=twse (most common)
Processing company 13/280: 7712
Found 1 company-profile files for company 7712
  - Processed [7712] 2024-06-07-2025-01-15-company-profile.csv: Latest date 2025-04-05
  - Extracted data: Industry Category=半導體業 (newest), Type=tpex (most common)
Processing company 14/280: 6982
Found 1 company-profile files for company 6982
  - Processed [6982] 2024-07-02-2025-01-07-company-profile.csv: Latest date 2025-04-05
  - Extracted data: Industry Category=電機機械 (newest), Type=tpex (most common)
Processing company 15/280: 7704
Found 1 company-profile files for company 7704
  - Processed [7704] 2024-05-29-2025-01-03-company-profile.csv: Latest date 2025-04-05
  - Extracted data: Industry Category=半導體業 (newest), Type=tpex (most common)
Processing company 16/280: 6885
Found 1 company-profile files for company 6885
  - Processed [6885] 2024-07-08-2025-01-03-company-profile.csv: Latest date 2025-04-06
  - Extracted data: Industry Category=化學生技醫療 (newest), Type=twse (most common)
Processing company 17/280: 6997
Found 1 company-profile files for company 6997
  - Processed [6997] 2024-07-10-2025-01-03-company-profile.csv: Latest date 2025-04-05
  - Extracted data: Industry Category=數位雲端類 (newest), Type=tpex (most common)
Processing company 18/280: 8045
Found 1 company-profile files for company 8045
  - Processed [8045] 2024-05-31-2024-12-31-company-profile.csv: Latest date 2025-04-06
  - Extracted data: Industry Category=通信網路業 (newest), Type=twse (most common)
Processing company 19/280: 6996
Found 1 company-profile files for company 6996
  - Processed [6996] 2024-06-05-2024-12-30-company-profile.csv: Latest date 2025-04-05
  - Extracted data: Industry Category=半導體業 (newest), Type=tpex (most common)
Processing company 20/280: 7722
Found 1 company-profile files for company 7722
  - Processed [7722] 2024-07-08-2024-12-25-company-profile.csv: Latest date 2025-04-06
  - Extracted data: Industry Category=數位雲端 (newest), Type=twse (most common)
Processing company 21/280: 6720
Found 1 company-profile files for company 6720
  - Processed [6720] 2024-07-08-2024-12-24-company-profile.csv: Latest date 2025-04-05
  - Extracted data: Industry Category=半導體業 (newest), Type=tpex (most common)
Processing company 22/280: 7705
Found 1 company-profile files for company 7705
  - Processed [7705] 2024-06-05-2024-12-16-company-profile.csv: Latest date 2025-04-06
  - Extracted data: Industry Category=觀光餐旅 (newest), Type=twse (most common)
Processing company 23/280: 7708
Found 1 company-profile files for company 7708
  - Processed [7708] 2024-06-07-2024-12-05-company-profile.csv: Latest date 2025-04-05
  - Extracted data: Industry Category=觀光餐旅 (newest), Type=tpex (most common)
Processing company 24/280: 7703
Found 1 company-profile files for company 7703
  - Processed [7703] 2024-06-05-2024-12-03-company-profile.csv: Latest date 2025-04-05
  - Extracted data: Industry Category=其他電子類 (newest), Type=tpex (most common)
Processing company 25/280: 2646
Found 1 company-profile files for company 2646
  - Processed [2646] 2024-06-07-2024-11-14-company-profile.csv: Latest date 2025-04-06
  - Extracted data: Industry Category=航運業 (newest), Type=twse (most common)
Processing company 26/280: 8272
Found 1 company-profile files for company 8272
  - Processed [8272] 2024-04-09-2024-11-12-company-profile.csv: Latest date 2025-04-05
  - Extracted data: Industry Category=資訊服務業 (newest), Type=tpex (most common)
Processing company 27/280: 6919
Found 1 company-profile files for company 6919
  - Processed [6919] 2024-04-10-2024-10-22-company-profile.csv: Latest date 2025-04-06
  - Extracted data: Industry Category=化學生技醫療 (newest), Type=twse (most common)
Processing company 28/280: 6913
Found 1 company-profile files for company 6913
  - Processed [6913] 2024-05-10-2024-10-21-company-profile.csv: Latest date 2025-04-05
  - Extracted data: Industry Category=電子零組件業 (newest), Type=tpex (most common)
Processing company 29/280: 1294
Found 1 company-profile files for company 1294
  - Processed [1294] 2024-03-19-2024-10-16-company-profile.csv: Latest date 2025-04-05
  - Extracted data: Industry Category=食品工業 (newest), Type=tpex (most common)
Processing company 30/280: 6967
Found 1 company-profile files for company 6967
  - Processed [6967] 2024-04-10-2024-10-15-company-profile.csv: Latest date 2025-04-05
  - Extracted data: Industry Category=電子零組件業 (newest), Type=tpex (most common)
Processing company 31/280: 6923
Found 1 company-profile files for company 6923
  - Processed [6923] 2024-04-12-2024-10-15-company-profile.csv: Latest date 2025-04-06
  - Extracted data: Industry Category=綠能環保 (newest), Type=twse (most common)
Processing company 32/280: 4772
Found 1 company-profile files for company 4772
  - Processed [4772] 2024-03-19-2024-10-10-company-profile.csv: Latest date 2025-04-05
  - Extracted data: Industry Category=化學工業 (newest), Type=tpex (most common)
Processing company 33/280: 2751
Found 1 company-profile files for company 2751
  - Processed [2751] 2024-03-08-2024-09-30-company-profile.csv: Latest date 2025-04-05
  - Extracted data: Industry Category=觀光餐旅 (newest), Type=tpex (most common)
Processing company 34/280: 6739
Found 1 company-profile files for company 6739
  - Processed [6739] 2024-03-07-2024-09-20-company-profile.csv: Latest date 2025-04-05
  - Extracted data: Industry Category=其他電子類 (newest), Type=tpex (most common)
Processing company 35/280: 6958
Found 1 company-profile files for company 6958
  - Processed [6958] 2023-12-08-2024-09-09-company-profile.csv: Latest date 2025-04-06
  - Extracted data: Industry Category=其他 (newest), Type=twse (most common)
Processing company 36/280: 6968
Found 1 company-profile files for company 6968
  - Processed [6968] 2024-03-08-2024-09-03-company-profile.csv: Latest date 2025-04-05
  - Extracted data: Industry Category=居家生活類 (newest), Type=tpex (most common)
Processing company 37/280: 6838
Found 1 company-profile files for company 6838
  - Processed [6838] 2024-03-11-2024-09-02-company-profile.csv: Latest date 2025-04-06
  - Extracted data: Industry Category=化學生技醫療 (newest), Type=twse (most common)
Processing company 38/280: 7584
Found 1 company-profile files for company 7584
  - Processed [7584] 2024-02-19-2024-08-14-company-profile.csv: Latest date 2025-04-05
  - Extracted data: Industry Category=文化創意業 (newest), Type=tpex (most common)
Processing company 39/280: 6637
Found 1 company-profile files for company 6637
  - Processed [6637] 2023-11-01-2024-07-08-company-profile.csv: Latest date 2025-04-05
  - Extracted data: Industry Category=生技醫療業 (newest), Type=tpex (most common)
Processing company 40/280: 6952
Found 1 company-profile files for company 6952
  - Processed [6952] 2023-12-07-2024-07-03-company-profile.csv: Latest date 2025-04-06
  - Extracted data: Industry Category=其他 (newest), Type=twse (most common)
Processing company 41/280: 6903
Found 1 company-profile files for company 6903
  - Processed [6903] 2023-11-29-2024-07-02-company-profile.csv: Latest date 2025-04-05
  - Extracted data: Industry Category=其他電子類 (newest), Type=tpex (most common)
Processing company 42/280: 6881
Found 1 company-profile files for company 6881
  - Processed [6881] 2023-12-01-2024-06-10-company-profile.csv: Latest date 2025-04-05
  - Extracted data: Industry Category=其他 (newest), Type=tpex (most common)
Processing company 43/280: 6928
Found 1 company-profile files for company 6928
  - Processed [6928] 2023-11-27-2024-06-05-company-profile.csv: Latest date 2025-04-06
  - Extracted data: Industry Category=電子工業 (newest), Type=twse (most common)
Processing company 44/280: 1563
Found 1 company-profile files for company 1563
  - Processed [1563] 2023-11-28-2024-05-31-company-profile.csv: Latest date 2025-04-06
  - Extracted data: Industry Category=汽車工業 (newest), Type=twse (most common)
Processing company 45/280: 6953
Found 1 company-profile files for company 6953
  - Processed [6953] 2023-12-08-2024-05-31-company-profile.csv: Latest date 2025-04-05
  - Extracted data: Industry Category=半導體業 (newest), Type=tpex (most common)
Processing company 46/280: 4949
Found 1 company-profile files for company 4949
  - Processed [4949] 2023-10-31-2024-05-29-company-profile.csv: Latest date 2025-04-06
  - Extracted data: Industry Category=光電業 (newest), Type=twse (most common)
Processing company 47/280: 6914
Found 1 company-profile files for company 6914
  - Processed [6914] 2023-08-28-2024-05-23-company-profile.csv: Latest date 2025-04-06
  - Extracted data: Industry Category=其他 (newest), Type=twse (most common)
Processing company 48/280: 6899
Found 1 company-profile files for company 6899
  - Processed [6899] 2023-08-30-2024-04-26-company-profile.csv: Latest date 2025-04-05
  - Extracted data: Industry Category=光電業 (newest), Type=tpex (most common)
Processing company 49/280: 6929
Found 1 company-profile files for company 6929
  - Processed [6929] 2023-08-25-2024-04-17-company-profile.csv: Latest date 2025-04-05
  - Extracted data: Industry Category=生技醫療業 (newest), Type=tpex (most common)
Processing company 50/280: 6875
Found 1 company-profile files for company 6875
  - Processed [6875] 2023-09-06-2024-04-15-company-profile.csv: Latest date 2025-04-05
  - Extracted data: Industry Category=生技醫療業 (newest), Type=tpex (most common)
Processing company 51/280: 3168
Found 1 company-profile files for company 3168
  - Processed [3168] 2023-10-02-2024-04-15-company-profile.csv: Latest date 2025-04-06
  - Extracted data: Industry Category=光電業 (newest), Type=twse (most common)
Processing company 52/280: 2941
Found 1 company-profile files for company 2941
  - Processed [2941] 2023-09-22-2024-04-09-company-profile.csv: Latest date 2025-04-05
  - Extracted data: Industry Category=居家生活類 (newest), Type=tpex (most common)
Processing company 53/280: 5548
Found 1 company-profile files for company 5548
  - Processed [5548] 2023-09-22-2024-04-05-company-profile.csv: Latest date 2025-04-05
  - Extracted data: Industry Category=建材營造 (newest), Type=tpex (most common)
Processing company 54/280: 4771
Found 1 company-profile files for company 4771
  - Processed [4771] 2023-09-29-2024-04-05-company-profile.csv: Latest date 2025-04-06
  - Extracted data: Industry Category=化學生技醫療 (newest), Type=twse (most common)
Processing company 55/280: 6844
Found 1 company-profile files for company 6844
  - Processed [6844] 2023-07-10-2024-03-28-company-profile.csv: Latest date 2025-04-05
  - Extracted data: Industry Category=生技醫療業 (newest), Type=tpex (most common)
Processing company 56/280: 6692
Found 1 company-profile files for company 6692
  - Processed [6692] 2023-05-23-2024-02-22-company-profile.csv: Latest date 2025-04-05
  - Extracted data: Industry Category=綠能環保類 (newest), Type=tpex (most common)
Processing company 57/280: 4588
Found 1 company-profile files for company 4588
  - Processed [4588] 2023-09-08-2024-02-16-company-profile.csv: Latest date 2025-04-06
  - Extracted data: Industry Category=其他電子業 (newest), Type=twse (most common)
Processing company 58/280: 6906
Found 1 company-profile files for company 6906
  - Processed [6906] 2023-07-11-2024-02-02-company-profile.csv: Latest date 2025-04-06
  - Extracted data: Industry Category=數位雲端 (newest), Type=twse (most common)
Processing company 59/280: 2949
Found 1 company-profile files for company 2949
  - Processed [2949] 2023-06-23-2024-01-04-company-profile.csv: Latest date 2025-04-05
  - Extracted data: Industry Category=數位雲端類 (newest), Type=tpex (most common)
Processing company 60/280: 6937
Found 1 company-profile files for company 6937
  - Processed [6937] 2023-07-10-2024-01-01-company-profile.csv: Latest date 2025-04-06
  - Extracted data: Industry Category=半導體業 (newest), Type=twse (most common)
Processing company 61/280: 2948
Found 1 company-profile files for company 2948
  - Processed [2948] 2023-07-11-2024-01-01-company-profile.csv: Latest date 2025-04-05
  - Extracted data: Industry Category=居家生活類 (newest), Type=tpex (most common)
Processing company 62/280: 6904
Found 1 company-profile files for company 6904
  - Processed [6904] 2023-06-07-2023-12-25-company-profile.csv: Latest date 2025-04-05
  - Extracted data: Industry Category=其他 (newest), Type=tpex (most common)
Processing company 63/280: 6742
Found 1 company-profile files for company 6742
  - Processed [6742] 2023-04-10-2023-12-25-company-profile.csv: Latest date 2025-04-06
  - Extracted data: Industry Category=光電業 (newest), Type=twse (most common)
Processing company 64/280: 6916
Found 1 company-profile files for company 6916
  - Processed [6916] 2023-07-11-2023-12-25-company-profile.csv: Latest date 2025-04-06
  - Extracted data: Industry Category=光電業 (newest), Type=twse (most common)
Processing company 65/280: 6894
Found 1 company-profile files for company 6894
  - Processed [6894] 2023-05-16-2023-12-19-company-profile.csv: Latest date 2025-04-05
  - Extracted data: Industry Category=綠能環保類 (newest), Type=tpex (most common)
Processing company 66/280: 5292
Found 1 company-profile files for company 5292
  - Processed [5292] 2023-06-12-2023-12-11-company-profile.csv: Latest date 2025-04-06
  - Extracted data: Industry Category=綠能環保 (newest), Type=twse (most common)
Processing company 67/280: 6922
Found 1 company-profile files for company 6922
  - Processed [6922] 2023-04-06-2023-11-29-company-profile.csv: Latest date 2025-04-05
  - Extracted data: Industry Category=電腦及週邊設備業 (newest), Type=tpex (most common)
Processing company 68/280: 6805
Found 1 company-profile files for company 6805
  - Processed [6805] 2023-03-07-2023-11-29-company-profile.csv: Latest date 2025-04-06
  - Extracted data: Industry Category=電子工業 (newest), Type=twse (most common)
Processing company 69/280: 6658
Found 1 company-profile files for company 6658
  - Processed [6658] 2023-04-06-2023-11-22-company-profile.csv: Latest date 2025-04-06
  - Extracted data: Industry Category=其他電子業 (newest), Type=twse (most common)
Processing company 70/280: 6856
Found 1 company-profile files for company 6856
  - Processed [6856] 2023-05-11-2023-11-16-company-profile.csv: Latest date 2025-04-05
  - Extracted data: Industry Category=文化創意業 (newest), Type=tpex (most common)
Processing company 71/280: 6526
Found 1 company-profile files for company 6526
  - Processed [6526] 2022-12-07-2023-11-08-company-profile.csv: Latest date 2025-04-06
  - Extracted data: Industry Category=半導體業 (newest), Type=twse (most common)
Processing company 72/280: 6901
Found 1 company-profile files for company 6901
  - Processed [6901] 2023-03-07-2023-10-09-company-profile.csv: Latest date 2025-04-06
  - Extracted data: Industry Category=其他 (newest), Type=twse (most common)
Processing company 73/280: 6870
Found 1 company-profile files for company 6870
  - Processed [6870] 2023-04-07-2023-10-04-company-profile.csv: Latest date 2025-04-05
  - Extracted data: Industry Category=數位雲端類 (newest), Type=tpex (most common)
Processing company 74/280: 6895
Found 1 company-profile files for company 6895
  - Processed [6895] 2023-03-10-2023-09-11-company-profile.csv: Latest date 2025-04-05
  - Extracted data: Industry Category=半導體業 (newest), Type=tpex (most common)
Processing company 75/280: 2073
Found 1 company-profile files for company 2073
  - Processed [2073] 2022-10-11-2023-07-11-company-profile.csv: Latest date 2025-04-05
  - Extracted data: Industry Category=鋼鐵工業 (newest), Type=tpex (most common)
Processing company 76/280: 6877
Found 1 company-profile files for company 6877
  - Processed [6877] 2022-10-06-2023-07-06-company-profile.csv: Latest date 2025-04-05
  - Extracted data: Industry Category=其他電子類 (newest), Type=tpex (most common)
Processing company 77/280: 6657
Found 1 company-profile files for company 6657
  - Processed [6657] 2022-11-30-2023-06-30-company-profile.csv: Latest date 2025-04-06
  - Extracted data: Industry Category=化學生技醫療 (newest), Type=twse (most common)
Processing company 78/280: 6821
Found 1 company-profile files for company 6821
  - Processed [6821] 2022-10-28-2023-06-09-company-profile.csv: Latest date 2025-04-05
  - Extracted data: Industry Category=電子零組件業 (newest), Type=tpex (most common)
Processing company 79/280: 6584
Found 1 company-profile files for company 6584
  - Processed [6584] 2022-09-12-2023-06-07-company-profile.csv: Latest date 2025-04-05
  - Extracted data: Industry Category=電子零組件業 (newest), Type=tpex (most common)
Processing company 80/280: 6846
Found 1 company-profile files for company 6846
  - Processed [6846] 2022-10-06-2023-06-02-company-profile.csv: Latest date 2025-04-05
  - Extracted data: Industry Category=食品工業 (newest), Type=tpex (most common)
Processing company 81/280: 6861
Found 1 company-profile files for company 6861
  - Processed [6861] 2022-07-05-2023-04-14-company-profile.csv: Latest date 2025-04-06
  - Extracted data: Industry Category=化學生技醫療 (newest), Type=twse (most common)
Processing company 82/280: 6840
Found 1 company-profile files for company 6840
  - Processed [6840] 2022-08-11-2023-04-13-company-profile.csv: Latest date 2025-04-05
  - Extracted data: Industry Category=其他電子類 (newest), Type=tpex (most common)
Processing company 83/280: 6606
Found 1 company-profile files for company 6606
  - Processed [6606] 2022-09-12-2023-04-13-company-profile.csv: Latest date 2025-04-06
  - Extracted data: Industry Category=電機機械 (newest), Type=twse (most common)
Processing company 84/280: 2645
Found 1 company-profile files for company 2645
  - Processed [2645] 2022-09-01-2023-04-03-company-profile.csv: Latest date 2025-04-06
  - Extracted data: Industry Category=航運業 (newest), Type=twse (most common)
Processing company 85/280: 6753
Found 1 company-profile files for company 6753
  - Processed [6753] 2022-09-07-2023-03-30-company-profile.csv: Latest date 2025-04-06
  - Extracted data: Industry Category=航運業 (newest), Type=twse (most common)
Processing company 86/280: 6865
Found 1 company-profile files for company 6865
  - Processed [6865] 2022-08-17-2023-01-31-company-profile.csv: Latest date 2025-04-05
  - Extracted data: Industry Category=數位雲端類 (newest), Type=tpex (most common)
Processing company 87/280: 6708
Found 1 company-profile files for company 6708
  - Processed [6708] 2022-06-30-2023-01-18-company-profile.csv: Latest date 2025-04-05
  - Extracted data: Industry Category=半導體業 (newest), Type=tpex (most common)
Processing company 88/280: 8227
Found 1 company-profile files for company 8227
  - Processed [8227] 2022-07-01-2023-01-09-company-profile.csv: Latest date 2025-04-05
  - Extracted data: Industry Category=半導體業 (newest), Type=tpex (most common)
Processing company 89/280: 6517
Found 1 company-profile files for company 6517
  - Processed [6517] 2022-07-01-2023-01-04-company-profile.csv: Latest date 2025-04-05
  - Extracted data: Industry Category=光電業 (newest), Type=tpex (most common)
Processing company 90/280: 3447
Found 1 company-profile files for company 3447
  - Processed [3447] 2022-07-05-2023-01-04-company-profile.csv: Latest date 2025-04-06
  - Extracted data: Industry Category=通信網路業 (newest), Type=twse (most common)
Processing company 91/280: 6874
Found 1 company-profile files for company 6874
  - Processed [6874] 2022-07-11-2023-01-03-company-profile.csv: Latest date 2025-04-05
  - Extracted data: Industry Category=資訊服務業 (newest), Type=tpex (most common)
Processing company 92/280: 6859
Found 1 company-profile files for company 6859
  - Processed [6859] 2022-06-23-2022-12-16-company-profile.csv: Latest date 2025-04-05
  - Extracted data: Industry Category=光電業 (newest), Type=tpex (most common)
Processing company 93/280: 6782
Found 1 company-profile files for company 6782
  - Processed [6782] 2022-07-01-2022-12-16-company-profile.csv: Latest date 2025-04-06
  - Extracted data: Industry Category=化學生技醫療 (newest), Type=twse (most common)
Processing company 94/280: 6843
Found 1 company-profile files for company 6843
  - Processed [6843] 2022-04-25-2022-12-09-company-profile.csv: Latest date 2025-04-05
  - Extracted data: Industry Category=電機機械 (newest), Type=tpex (most common)
Processing company 95/280: 6791
Found 1 company-profile files for company 6791
  - Processed [6791] 2022-06-10-2022-12-02-company-profile.csv: Latest date 2025-04-05
  - Extracted data: Industry Category=資訊服務業 (newest), Type=tpex (most common)
Processing company 96/280: 6835
Found 1 company-profile files for company 6835
  - Processed [6835] 2022-06-10-2022-11-30-company-profile.csv: Latest date 2025-04-06
  - Extracted data: Industry Category=電子工業 (newest), Type=twse (most common)
Processing company 97/280: 6695
Found 1 company-profile files for company 6695
  - Processed [6695] 2022-06-10-2022-11-24-company-profile.csv: Latest date 2025-04-06
  - Extracted data: Industry Category=半導體業 (newest), Type=twse (most common)
Processing company 98/280: 4951
Found 1 company-profile files for company 4951
  - Processed [4951] 2022-05-11-2022-11-23-company-profile.csv: Latest date 2025-04-05
  - Extracted data: Industry Category=半導體業 (newest), Type=tpex (most common)
Processing company 99/280: 6855
Found 1 company-profile files for company 6855
  - Processed [6855] 2022-04-08-2022-10-26-company-profile.csv: Latest date 2025-04-05
  - Extracted data: Industry Category=其他電子類 (newest), Type=tpex (most common)
Processing company 100/280: 4584
Found 1 company-profile files for company 4584
  - Processed [4584] 2022-04-08-2022-10-25-company-profile.csv: Latest date 2025-04-05
  - Extracted data: Industry Category=電機機械 (newest), Type=tpex (most common)
Processing company 101/280: 6689
Found 1 company-profile files for company 6689
  - Processed [6689] 2022-04-14-2022-10-03-company-profile.csv: Latest date 2025-04-06
  - Extracted data: Industry Category=數位雲端 (newest), Type=twse (most common)
Processing company 102/280: 3430
Found 1 company-profile files for company 3430
  - Processed [3430] 2022-04-11-2022-09-28-company-profile.csv: Latest date 2025-04-05
  - Extracted data: Industry Category=化學工業 (newest), Type=tpex (most common)
Processing company 103/280: 6834
Found 1 company-profile files for company 6834
  - Processed [6834] 2022-03-18-2022-09-21-company-profile.csv: Latest date 2025-04-06
  - Extracted data: Industry Category=電子工業 (newest), Type=twse (most common)
Processing company 104/280: 6830
Found 1 company-profile files for company 6830
  - Processed [6830] 2022-03-30-2022-09-20-company-profile.csv: Latest date 2025-04-06
  - Extracted data: Industry Category=其他電子業 (newest), Type=twse (most common)
Processing company 105/280: 6811
Found 1 company-profile files for company 6811
  - Processed [6811] 2022-03-11-2022-08-29-company-profile.csv: Latest date 2025-04-05
  - Extracted data: Industry Category=數位雲端類 (newest), Type=tpex (most common)
Processing company 106/280: 6823
Found 1 company-profile files for company 6823
  - Processed [6823] 2021-12-07-2022-07-20-company-profile.csv: Latest date 2025-04-05
  - Extracted data: Industry Category=半導體業 (newest), Type=tpex (most common)
Processing company 107/280: 6789
Found 1 company-profile files for company 6789
  - Processed [6789] 2021-12-09-2022-07-20-company-profile.csv: Latest date 2025-04-06
  - Extracted data: Industry Category=半導體業 (newest), Type=twse (most common)
Processing company 108/280: 4577
Found 1 company-profile files for company 4577
  - Processed [4577] 2021-11-22-2022-07-04-company-profile.csv: Latest date 2025-04-05
  - Extracted data: Industry Category=其他電子類 (newest), Type=tpex (most common)
Processing company 109/280: 6796
Found 1 company-profile files for company 6796
  - Processed [6796] 2021-11-18-2022-06-21-company-profile.csv: Latest date 2025-04-06
  - Extracted data: Industry Category=化學生技醫療 (newest), Type=twse (most common)
Processing company 110/280: 6546
Found 1 company-profile files for company 6546
  - Processed [6546] 2021-12-10-2022-06-13-company-profile.csv: Latest date 2025-04-05
  - Extracted data: Industry Category=通信網路業 (newest), Type=tpex (most common)
Processing company 111/280: 5228
Found 1 company-profile files for company 5228
  - Processed [5228] 2021-11-26-2022-06-09-company-profile.csv: Latest date 2025-04-05
  - Extracted data: Industry Category=電子零組件業 (newest), Type=tpex (most common)
Processing company 112/280: 6585
Found 1 company-profile files for company 6585
  - Processed [6585] 2021-11-05-2022-06-09-company-profile.csv: Latest date 2025-04-06
  - Extracted data: Industry Category=其他 (newest), Type=twse (most common)
Processing company 113/280: 6799
Found 1 company-profile files for company 6799
  - Processed [6799] 2021-11-02-2022-06-01-company-profile.csv: Latest date 2025-04-06
  - Extracted data: Industry Category=半導體業 (newest), Type=twse (most common)
Processing company 114/280: 4583
Found 1 company-profile files for company 4583
  - Processed [4583] 2021-09-07-2022-05-27-company-profile.csv: Latest date 2025-04-06
  - Extracted data: Industry Category=電機機械 (newest), Type=twse (most common)
Processing company 115/280: 6721
Found 1 company-profile files for company 6721
  - Processed [6721] 2021-09-23-2022-05-19-company-profile.csv: Latest date 2025-04-05
  - Extracted data: Industry Category=其他 (newest), Type=tpex (most common)
Processing company 116/280: 6735
Found 1 company-profile files for company 6735
  - Processed [6735] 2021-11-04-2022-05-19-company-profile.csv: Latest date 2025-04-05
  - Extracted data: Industry Category=其他電子類 (newest), Type=tpex (most common)
Processing company 117/280: 4768
Found 1 company-profile files for company 4768
  - Processed [4768] 2021-09-09-2022-05-03-company-profile.csv: Latest date 2025-04-05
  - Extracted data: Industry Category=化學工業 (newest), Type=tpex (most common)
Processing company 118/280: 6804
Found 1 company-profile files for company 6804
  - Processed [6804] 2021-09-20-2022-04-20-company-profile.csv: Latest date 2025-04-05
  - Extracted data: Industry Category=運動休閒類 (newest), Type=tpex (most common)
Processing company 119/280: 3349
Found 1 company-profile files for company 3349
  - Processed [3349] 2021-09-23-2022-04-12-company-profile.csv: Latest date 2025-04-05
  - Extracted data: Industry Category=電腦及週邊設備業 (newest), Type=tpex (most common)
Processing company 120/280: 4558
Found 1 company-profile files for company 4558
  - Processed [4558] 2021-10-08-2022-04-06-company-profile.csv: Latest date 2025-04-05
  - Extracted data: Industry Category=電機機械 (newest), Type=tpex (most common)
Processing company 121/280: 6763
Found 1 company-profile files for company 6763
  - Processed [6763] 2021-10-07-2022-04-04-company-profile.csv: Latest date 2025-04-05
  - Extracted data: Industry Category=數位雲端類 (newest), Type=tpex (most common)
Processing company 122/280: 4923
Found 1 company-profile files for company 4923
  - Processed [4923] 2021-09-10-2022-04-01-company-profile.csv: Latest date 2025-04-05
  - Extracted data: Industry Category=半導體業 (newest), Type=tpex (most common)
Processing company 123/280: 8438
Found 1 company-profile files for company 8438
  - Processed [8438] 2021-10-11-2022-03-31-company-profile.csv: Latest date 2025-04-06
  - Extracted data: Industry Category=綠能環保 (newest), Type=twse (most common)
Processing company 124/280: 6829
Found 1 company-profile files for company 6829
  - Processed [6829] 2021-09-20-2022-03-31-company-profile.csv: Latest date 2025-04-05
  - Extracted data: Industry Category=電機機械 (newest), Type=tpex (most common)
Processing company 125/280: 6693
Found 1 company-profile files for company 6693
  - Processed [6693] 2021-09-09-2022-03-21-company-profile.csv: Latest date 2025-04-05
  - Extracted data: Industry Category=半導體業 (newest), Type=tpex (most common)
Processing company 126/280: 2756
Found 1 company-profile files for company 2756
  - Processed [2756] 2021-07-12-2022-02-03-company-profile.csv: Latest date 2025-04-05
  - Extracted data: Industry Category=觀光餐旅 (newest), Type=tpex (most common)
Processing company 127/280: 6719
Found 1 company-profile files for company 6719
  - Processed [6719] 2021-08-25-2022-02-02-company-profile.csv: Latest date 2025-04-06
  - Extracted data: Industry Category=半導體業 (newest), Type=twse (most common)
Processing company 128/280: 3592
Found 1 company-profile files for company 3592
  - Processed [3592] 2021-08-03-2022-01-27-company-profile.csv: Latest date 2025-04-06
  - Extracted data: Industry Category=半導體業 (newest), Type=twse (most common)
Processing company 129/280: 6691
Found 1 company-profile files for company 6691
  - Processed [6691] 2021-07-26-2022-01-21-company-profile.csv: Latest date 2025-04-06
  - Extracted data: Industry Category=其他電子業 (newest), Type=twse (most common)
Processing company 130/280: 4770
Found 1 company-profile files for company 4770
  - Processed [4770] 2021-07-14-2022-01-11-company-profile.csv: Latest date 2025-04-06
  - Extracted data: Industry Category=化學工業 (newest), Type=twse (most common)
Processing company 131/280: 6792
Found 1 company-profile files for company 6792
  - Processed [6792] 2021-07-09-2021-12-28-company-profile.csv: Latest date 2025-04-06
  - Extracted data: Industry Category=通信網路業 (newest), Type=twse (most common)
Processing company 132/280: 6770
Found 1 company-profile files for company 6770
  - Processed [6770] 2021-07-12-2021-12-24-company-profile.csv: Latest date 2025-04-06
  - Extracted data: Industry Category=半導體業 (newest), Type=twse (most common)
Processing company 133/280: 2945
Found 1 company-profile files for company 2945
  - Processed [2945] 2021-03-23-2021-12-20-company-profile.csv: Latest date 2025-04-06
  - Extracted data: Industry Category=貿易百貨 (newest), Type=twse (most common)
Processing company 134/280: 6806
Found 1 company-profile files for company 6806
  - Processed [6806] 2021-06-10-2021-12-03-company-profile.csv: Latest date 2025-04-06
  - Extracted data: Industry Category=綠能環保 (newest), Type=twse (most common)
Processing company 135/280: 6761
Found 1 company-profile files for company 6761
  - Processed [6761] 2021-05-18-2021-11-26-company-profile.csv: Latest date 2025-04-05
  - Extracted data: Industry Category=電子零組件業 (newest), Type=tpex (most common)
Processing company 136/280: 5222
Found 1 company-profile files for company 5222
  - Processed [5222] 2021-05-18-2021-11-12-company-profile.csv: Latest date 2025-04-06
  - Extracted data: Industry Category=半導體業 (newest), Type=twse (most common)
Processing company 137/280: 4440
Found 1 company-profile files for company 4440
  - Processed [4440] 2021-06-15-2021-11-12-company-profile.csv: Latest date 2025-04-06
  - Extracted data: Industry Category=紡織纖維 (newest), Type=twse (most common)
Processing company 138/280: 2947
Found 1 company-profile files for company 2947
  - Processed [2947] 2021-04-09-2021-10-26-company-profile.csv: Latest date 2025-04-05
  - Extracted data: Industry Category=居家生活類 (newest), Type=tpex (most common)
Processing company 139/280: 6790
Found 1 company-profile files for company 6790
  - Processed [6790] 2021-04-09-2021-10-19-company-profile.csv: Latest date 2025-04-06
  - Extracted data: Industry Category=造紙工業 (newest), Type=twse (most common)
Processing company 140/280: 6788
Found 1 company-profile files for company 6788
  - Processed [6788] 2021-04-08-2021-10-19-company-profile.csv: Latest date 2025-04-05
  - Extracted data: Industry Category=半導體業 (newest), Type=tpex (most common)
Processing company 141/280: 2753
Found 1 company-profile files for company 2753
  - Processed [2753] 2021-04-08-2021-09-29-company-profile.csv: Latest date 2025-04-06
  - Extracted data: Industry Category=觀光餐旅 (newest), Type=twse (most common)
Processing company 142/280: 6684
Found 1 company-profile files for company 6684
  - Processed [6684] 2021-03-11-2021-08-31-company-profile.csv: Latest date 2025-04-05
  - Extracted data: Industry Category=半導體業 (newest), Type=tpex (most common)
Processing company 143/280: 5236
Found 1 company-profile files for company 5236
  - Processed [5236] 2021-03-04-2021-08-18-company-profile.csv: Latest date 2025-04-05
  - Extracted data: Industry Category=半導體業 (newest), Type=tpex (most common)
Processing company 144/280: 3357
Found 1 company-profile files for company 3357
  - Processed [3357] 2020-10-30-2021-05-17-company-profile.csv: Latest date 2025-04-05
  - Extracted data: Industry Category=電子零組件業 (newest), Type=tpex (most common)
Processing company 145/280: 2211
Found 1 company-profile files for company 2211
  - Processed [2211] 2020-08-10-2021-04-30-company-profile.csv: Latest date 2025-04-06
  - Extracted data: Industry Category=鋼鐵工業 (newest), Type=twse (most common)
Processing company 146/280: 6776
Found 1 company-profile files for company 6776
  - Processed [6776] 2020-10-05-2021-04-20-company-profile.csv: Latest date 2025-04-06
  - Extracted data: Industry Category=電子工業 (newest), Type=twse (most common)
Processing company 147/280: 6651
Found 1 company-profile files for company 6651
  - Processed [6651] 2020-09-03-2021-02-19-company-profile.csv: Latest date 2025-04-05
  - Extracted data: Industry Category=半導體業 (newest), Type=tpex (most common)
Processing company 148/280: 6733
Found 1 company-profile files for company 6733
  - Processed [6733] 2020-08-11-2021-02-17-company-profile.csv: Latest date 2025-04-05
  - Extracted data: Industry Category=生技醫療業 (newest), Type=tpex (most common)
Processing company 149/280: 6661
Found 1 company-profile files for company 6661
  - Processed [6661] 2020-08-25-2021-02-16-company-profile.csv: Latest date 2025-04-05
  - Extracted data: Industry Category=生技醫療業 (newest), Type=tpex (most common)
Processing company 150/280: 6767
Found 1 company-profile files for company 6767
  - Processed [6767] 2020-08-18-2021-02-12-company-profile.csv: Latest date 2025-04-05
  - Extracted data: Industry Category=生技醫療業 (newest), Type=tpex (most common)
Processing company 151/280: 6712
Found 1 company-profile files for company 6712
  - Processed [6712] 2020-08-04-2021-01-28-company-profile.csv: Latest date 2025-04-05
  - Extracted data: Industry Category=生技醫療業 (newest), Type=tpex (most common)
Processing company 152/280: 6751
Found 1 company-profile files for company 6751
  - Processed [6751] 2020-06-30-2021-01-14-company-profile.csv: Latest date 2025-04-05
  - Extracted data: Industry Category=資訊服務業 (newest), Type=tpex (most common)
Processing company 153/280: 6728
Found 1 company-profile files for company 6728
  - Processed [6728] 2020-04-03-2021-01-14-company-profile.csv: Latest date 2025-04-05
  - Extracted data: Industry Category=居家生活類 (newest), Type=tpex (most common)
Processing company 154/280: 6756
Found 1 company-profile files for company 6756
  - Processed [6756] 2020-07-16-2021-01-13-company-profile.csv: Latest date 2025-04-06
  - Extracted data: Industry Category=半導體業 (newest), Type=twse (most common)
Processing company 155/280: 6762
Found 1 company-profile files for company 6762
  - Processed [6762] 2020-08-10-2021-01-07-company-profile.csv: Latest date 2025-04-05
  - Extracted data: Industry Category=生技醫療業 (newest), Type=tpex (most common)
Processing company 156/280: 2755
Found 1 company-profile files for company 2755
  - Processed [2755] 2020-06-02-2021-01-05-company-profile.csv: Latest date 2025-04-05
  - Extracted data: Industry Category=觀光餐旅 (newest), Type=tpex (most common)
Processing company 157/280: 6743
Found 1 company-profile files for company 6743
  - Processed [6743] 2020-08-10-2021-01-01-company-profile.csv: Latest date 2025-04-06
  - Extracted data: Industry Category=其他電子業 (newest), Type=twse (most common)
Processing company 158/280: 3138
Found 1 company-profile files for company 3138
  - Processed [3138] 2020-07-13-2020-12-31-company-profile.csv: Latest date 2025-04-06
  - Extracted data: Industry Category=通信網路業 (newest), Type=twse (most common)
Processing company 159/280: 6752
Found 1 company-profile files for company 6752
  - Processed [6752] 2020-07-09-2020-12-30-company-profile.csv: Latest date 2025-04-05
  - Extracted data: Industry Category=資訊服務業 (newest), Type=tpex (most common)
Processing company 160/280: 6727
Found 1 company-profile files for company 6727
  - Processed [6727] 2020-07-02-2020-12-21-company-profile.csv: Latest date 2025-04-05
  - Extracted data: Industry Category=電子零組件業 (newest), Type=tpex (most common)
Processing company 161/280: 1342
Found 1 company-profile files for company 1342
  - Processed [1342] 2020-06-04-2020-12-14-company-profile.csv: Latest date 2025-04-06
  - Extracted data: Industry Category=其他 (newest), Type=twse (most common)
Processing company 162/280: 4945
Found 1 company-profile files for company 4945
  - Processed [4945] 2020-05-29-2020-12-10-company-profile.csv: Latest date 2025-04-05
  - Extracted data: Industry Category=半導體業 (newest), Type=tpex (most common)
Processing company 163/280: 7556
Found 1 company-profile files for company 7556
  - Processed [7556] 2020-06-03-2020-11-19-company-profile.csv: Latest date 2025-04-05
  - Extracted data: Industry Category=半導體業 (newest), Type=tpex (most common)
Processing company 164/280: 6703
Found 1 company-profile files for company 6703
  - Processed [6703] 2020-04-07-2020-11-09-company-profile.csv: Latest date 2025-04-05
  - Extracted data: Industry Category=生技醫療業 (newest), Type=tpex (most common)
Processing company 165/280: 2247
Found 1 company-profile files for company 2247
  - Processed [2247] 2019-11-05-2020-10-30-company-profile.csv: Latest date 2025-04-06
  - Extracted data: Industry Category=汽車工業 (newest), Type=twse (most common)
Processing company 166/280: 8089
Found 1 company-profile files for company 8089
  - Processed [8089] 2020-04-08-2020-10-13-company-profile.csv: Latest date 2025-04-05
  - Extracted data: Industry Category=通信網路業 (newest), Type=tpex (most common)
Processing company 167/280: 2754
Found 1 company-profile files for company 2754
  - Processed [2754] 2019-12-10-2020-10-07-company-profile.csv: Latest date 2025-04-05
  - Extracted data: Industry Category=觀光餐旅 (newest), Type=tpex (most common)
Processing company 168/280: 2241
Found 1 company-profile files for company 2241
  - Processed [2241] 2020-04-09-2020-09-15-company-profile.csv: Latest date 2025-04-06
  - Extracted data: Industry Category=汽車工業 (newest), Type=twse (most common)
Processing company 169/280: 6754
Found 1 company-profile files for company 6754
  - Processed [6754] 2020-04-06-2020-09-14-company-profile.csv: Latest date 2025-04-06
  - Extracted data: Industry Category=居家生活 (newest), Type=twse (most common)
Processing company 170/280: 6588
Found 1 company-profile files for company 6588
  - Processed [6588] 2019-11-06-2020-07-21-company-profile.csv: Latest date 2025-04-05
  - Extracted data: Industry Category=通信網路業 (newest), Type=tpex (most common)
Processing company 171/280: 6732
Found 1 company-profile files for company 6732
  - Processed [6732] 2019-11-29-2020-06-26-company-profile.csv: Latest date 2025-04-05
  - Extracted data: Industry Category=半導體業 (newest), Type=tpex (most common)
Processing company 172/280: 8284
Found 1 company-profile files for company 8284
  - Processed [8284] 2019-11-15-2020-06-05-company-profile.csv: Latest date 2025-04-05
  - Extracted data: Industry Category=資訊服務業 (newest), Type=tpex (most common)
Processing company 173/280: 3543
Found 1 company-profile files for company 3543
  - Processed [3543] 2019-10-31-2020-05-05-company-profile.csv: Latest date 2025-04-06
  - Extracted data: Industry Category=光電業 (newest), Type=twse (most common)
Processing company 174/280: 6716
Found 1 company-profile files for company 6716
  - Processed [6716] 2019-10-10-2020-04-16-company-profile.csv: Latest date 2025-04-05
  - Extracted data: Industry Category=半導體業 (newest), Type=tpex (most common)
Processing company 175/280: 2743
Found 1 company-profile files for company 2743
  - Processed [2743] 2019-09-17-2020-03-27-company-profile.csv: Latest date 2025-04-05
  - Extracted data: Industry Category=觀光餐旅 (newest), Type=tpex (most common)
Processing company 176/280: 3597
Found 1 company-profile files for company 3597
  - Processed [3597] 2019-09-05-2020-03-27-company-profile.csv: Latest date 2025-04-05
  - Extracted data: Industry Category=電子零組件業 (newest), Type=tpex (most common)
Processing company 177/280: 4580
Found 1 company-profile files for company 4580
  - Processed [4580] 2019-08-14-2020-01-24-company-profile.csv: Latest date 2025-04-05
  - Extracted data: Industry Category=電機機械 (newest), Type=tpex (most common)
Processing company 178/280: 6697
Found 1 company-profile files for company 6697
  - Processed [6697] 2019-08-05-2020-01-15-company-profile.csv: Latest date 2025-04-05
  - Extracted data: Industry Category=資訊服務業 (newest), Type=tpex (most common)
Processing company 179/280: 6527
Found 1 company-profile files for company 6527
  - Processed [6527] 2019-08-09-2020-01-14-company-profile.csv: Latest date 2025-04-05
  - Extracted data: Industry Category=生技醫療業 (newest), Type=tpex (most common)
Processing company 180/280: 6706
Found 1 company-profile files for company 6706
  - Processed [6706] 2019-09-05-2020-01-08-company-profile.csv: Latest date 2025-04-06
  - Extracted data: Industry Category=光電業 (newest), Type=twse (most common)
Processing company 181/280: 6715
Found 1 company-profile files for company 6715
  - Processed [6715] 2019-06-21-2020-01-01-company-profile.csv: Latest date 2025-04-06
  - Extracted data: Industry Category=電子工業 (newest), Type=twse (most common)
Processing company 182/280: 6592
Found 1 company-profile files for company 6592
  - Processed [6592] 2019-09-11-2019-12-27-company-profile.csv: Latest date 2025-04-06
  - Extracted data: Industry Category=其他 (newest), Type=twse (most common)
Processing company 183/280: 6698
Found 1 company-profile files for company 6698
  - Processed [6698] 2019-06-05-2019-12-13-company-profile.csv: Latest date 2025-04-06
  - Extracted data: Industry Category=其他電子業 (newest), Type=twse (most common)
Processing company 184/280: 6690
Found 1 company-profile files for company 6690
  - Processed [6690] 2019-06-10-2019-11-19-company-profile.csv: Latest date 2025-04-04
  - Extracted data: Industry Category=數位雲端類 (newest), Type=tpex (most common)
Processing company 185/280: 6491
Found 1 company-profile files for company 6491
  - Processed [6491] 2019-05-13-2019-10-25-company-profile.csv: Latest date 2025-04-04
  - Extracted data: Industry Category=化學生技醫療 (newest), Type=twse (most common)
Processing company 186/280: 2752
Found 1 company-profile files for company 2752
  - Processed [2752] 2019-05-08-2019-10-15-company-profile.csv: Latest date 2025-04-04
  - Extracted data: Industry Category=觀光餐旅 (newest), Type=tpex (most common)
Processing company 187/280: 6642
Found 1 company-profile files for company 6642
  - Processed [6642] 2019-03-22-2019-10-11-company-profile.csv: Latest date 2025-04-04
  - Extracted data: Industry Category=電子零組件業 (newest), Type=tpex (most common)
Processing company 188/280: 4931
Found 1 company-profile files for company 4931
  - Processed [4931] 2019-04-08-2019-10-07-company-profile.csv: Latest date 2025-04-04
  - Extracted data: Industry Category=電腦及週邊設備業 (newest), Type=tpex (most common)
Processing company 189/280: 6680
Found 1 company-profile files for company 6680
  - Processed [6680] 2019-03-22-2019-10-04-company-profile.csv: Latest date 2025-04-04
  - Extracted data: Industry Category=電腦及週邊設備業 (newest), Type=tpex (most common)
Processing company 190/280: 4572
Found 1 company-profile files for company 4572
  - Processed [4572] 2019-03-28-2019-09-30-company-profile.csv: Latest date 2025-04-04
  - Extracted data: Industry Category=電機機械 (newest), Type=twse (most common)
Processing company 191/280: 4576
Found 1 company-profile files for company 4576
  - Processed [4576] 2019-04-10-2019-09-24-company-profile.csv: Latest date 2025-04-04
  - Extracted data: Industry Category=電機機械 (newest), Type=twse (most common)
Processing company 192/280: 6589
Found 2 company-profile files for company 6589
  - Processed [6589] 2018-11-28-2019-07-18-company-profile.csv: Latest date 2025-04-05
  - Processed [6589] 2024-12-09-2019-07-18-company-profile.csv: Latest date 2025-04-05
  - Extracted data: Industry Category=生技醫療業 (newest), Type=tpex (most common)
Processing company 193/280: 6649
Found 1 company-profile files for company 6649
  - Processed [6649] 2018-11-12-2019-06-25-company-profile.csv: Latest date 2025-04-04
  - Extracted data: Industry Category=生技醫療業 (newest), Type=tpex (most common)
Processing company 194/280: 6624
Found 1 company-profile files for company 6624
  - Processed [6624] 2018-11-15-2019-06-17-company-profile.csv: Latest date 2025-04-04
  - Extracted data: Industry Category=綠能環保類 (newest), Type=tpex (most common)
Processing company 195/280: 5283
Found 1 company-profile files for company 5283
  - Processed [5283] 2018-10-22-2019-06-13-company-profile.csv: Latest date 2025-04-04
  - Extracted data: Industry Category=電器電纜 (newest), Type=twse (most common)
Processing company 196/280: 6679
Found 1 company-profile files for company 6679
  - Processed [6679] 2018-11-06-2019-05-29-company-profile.csv: Latest date 2025-04-04
  - Extracted data: Industry Category=半導體業 (newest), Type=tpex (most common)
Processing company 197/280: 6516
Found 1 company-profile files for company 6516
  - Processed [6516] 2018-11-02-2019-05-24-company-profile.csv: Latest date 2025-04-04
  - Extracted data: Industry Category=資訊服務業 (newest), Type=tpex (most common)
Processing company 198/280: 6683
Found 1 company-profile files for company 6683
  - Processed [6683] 2018-11-21-2019-05-13-company-profile.csv: Latest date 2025-04-04
  - Extracted data: Industry Category=半導體業 (newest), Type=tpex (most common)
Processing company 199/280: 6669
Found 1 company-profile files for company 6669
  - Processed [6669] 2018-07-11-2019-04-16-company-profile.csv: Latest date 2025-04-04
  - Extracted data: Industry Category=電子工業 (newest), Type=twse (most common)
Processing company 200/280: 6662
Found 1 company-profile files for company 6662
  - Processed [6662] 2018-09-19-2019-04-15-company-profile.csv: Latest date 2025-04-04
  - Extracted data: Industry Category=生技醫療業 (newest), Type=tpex (most common)
Processing company 201/280: 4760
Found 1 company-profile files for company 4760
  - Processed [4760] 2018-09-26-2019-04-10-company-profile.csv: Latest date 2025-04-04
  - Extracted data: Industry Category=其他電子類 (newest), Type=tpex (most common)
Processing company 202/280: 4564
Found 1 company-profile files for company 4564
  - Processed [4564] 2018-09-26-2019-03-27-company-profile.csv: Latest date 2025-04-04
  - Extracted data: Industry Category=電機機械 (newest), Type=twse (most common)
Processing company 203/280: 6418
Found 1 company-profile files for company 6418
  - Processed [6418] 2018-09-06-2019-03-08-company-profile.csv: Latest date 2025-04-04
  - Extracted data: Industry Category=電子零組件業 (newest), Type=tpex (most common)
Processing company 204/280: 6643
Found 1 company-profile files for company 6643
  - Processed [6643] 2018-07-06-2019-02-12-company-profile.csv: Latest date 2025-04-04
  - Extracted data: Industry Category=半導體業 (newest), Type=tpex (most common)
Processing company 205/280: 4538
Found 1 company-profile files for company 4538
  - Processed [4538] 2018-07-11-2019-02-04-company-profile.csv: Latest date 2025-04-04
  - Extracted data: Industry Category=電機機械 (newest), Type=tpex (most common)
Processing company 206/280: 4967
Found 1 company-profile files for company 4967
  - Processed [4967] 2018-08-21-2019-02-01-company-profile.csv: Latest date 2025-04-04
  - Extracted data: Industry Category=半導體業 (newest), Type=twse (most common)
Processing company 207/280: 6590
Found 1 company-profile files for company 6590
  - Processed [6590] 2018-07-11-2019-01-11-company-profile.csv: Latest date 2025-04-04
  - Extracted data: Industry Category=資訊服務業 (newest), Type=tpex (most common)
Processing company 208/280: 6670
Found 1 company-profile files for company 6670
  - Processed [6670] 2018-07-02-2019-01-07-company-profile.csv: Latest date 2025-04-04
  - Extracted data: Industry Category=運動休閒 (newest), Type=twse (most common)
Processing company 209/280: 2070
Found 1 company-profile files for company 2070
  - Processed [2070] 2018-07-09-2019-01-04-company-profile.csv: Latest date 2025-04-04
  - Extracted data: Industry Category=電機機械 (newest), Type=tpex (most common)
Processing company 210/280: 6668
Found 1 company-profile files for company 6668
  - Processed [6668] 2018-08-03-2019-01-01-company-profile.csv: Latest date 2025-04-04
  - Extracted data: Industry Category=光電業 (newest), Type=twse (most common)
Processing company 211/280: 6671
Found 1 company-profile files for company 6671
  - Processed [6671] 2018-06-05-2018-12-31-company-profile.csv: Latest date 2025-04-04
  - Extracted data: Industry Category=居家生活 (newest), Type=twse (most common)
Processing company 212/280: 6558
Found 1 company-profile files for company 6558
  - Processed [6558] 2018-07-09-2018-12-25-company-profile.csv: Latest date 2025-04-04
  - Extracted data: Industry Category=其他電子業 (newest), Type=twse (most common)
Processing company 213/280: 4766
Found 1 company-profile files for company 4766
  - Processed [4766] 2018-06-28-2018-12-18-company-profile.csv: Latest date 2025-04-04
  - Extracted data: Industry Category=化學工業 (newest), Type=twse (most common)
Processing company 214/280: 6674
Found 1 company-profile files for company 6674
  - Processed [6674] 2018-06-28-2018-12-18-company-profile.csv: Latest date 2025-04-04
  - Extracted data: Industry Category=通信網路業 (newest), Type=twse (most common)
Processing company 215/280: 6655
Found 1 company-profile files for company 6655
  - Processed [6655] 2018-06-11-2018-12-18-company-profile.csv: Latest date 2025-04-04
  - Extracted data: Industry Category=其他 (newest), Type=twse (most common)
Processing company 216/280: 3178
Found 1 company-profile files for company 3178
  - Processed [3178] 2018-04-06-2018-12-07-company-profile.csv: Latest date 2025-04-04
  - Extracted data: Industry Category=半導體業 (newest), Type=tpex (most common)
Processing company 217/280: 6667
Found 1 company-profile files for company 6667
  - Processed [6667] 2018-06-06-2018-12-03-company-profile.csv: Latest date 2025-04-04
  - Extracted data: Industry Category=其他電子類 (newest), Type=tpex (most common)
Processing company 218/280: 4767
Found 1 company-profile files for company 4767
  - Processed [4767] 2018-05-22-2018-11-16-company-profile.csv: Latest date 2025-04-04
  - Extracted data: Industry Category=化學工業 (newest), Type=tpex (most common)
Processing company 219/280: 6654
Found 1 company-profile files for company 6654
  - Processed [6654] 2018-05-15-2018-11-12-company-profile.csv: Latest date 2025-04-04
  - Extracted data: Industry Category=其他電子類 (newest), Type=tpex (most common)
Processing company 220/280: 6640
Found 1 company-profile files for company 6640
  - Processed [6640] 2018-06-15-2018-11-12-company-profile.csv: Latest date 2025-04-04
  - Extracted data: Industry Category=半導體業 (newest), Type=tpex (most common)
Processing company 221/280: 5876
Found 1 company-profile files for company 5876
  - Processed [5876] 2018-04-06-2018-11-08-company-profile.csv: Latest date 2025-04-04
  - Extracted data: Industry Category=金融保險 (newest), Type=twse (most common)
Processing company 222/280: 4961
Found 1 company-profile files for company 4961
  - Processed [4961] 2018-06-14-2018-11-06-company-profile.csv: Latest date 2025-04-04
  - Extracted data: Industry Category=半導體業 (newest), Type=twse (most common)
Processing company 223/280: 4568
Found 1 company-profile files for company 4568
  - Processed [4568] 2018-05-10-2018-10-23-company-profile.csv: Latest date 2025-04-04
  - Extracted data: Industry Category=電機機械 (newest), Type=tpex (most common)
Processing company 224/280: 6578
Found 1 company-profile files for company 6578
  - Processed [6578] 2018-03-21-2018-10-08-company-profile.csv: Latest date 2025-04-04
  - Extracted data: Industry Category=農業科技業 (newest), Type=tpex (most common)
Processing company 225/280: 6664
Found 1 company-profile files for company 6664
  - Processed [6664] 2018-04-06-2018-10-02-company-profile.csv: Latest date 2025-04-04
  - Extracted data: Industry Category=電子零組件業 (newest), Type=tpex (most common)
Processing company 226/280: 8367
Found 1 company-profile files for company 8367
  - Processed [8367] 2018-03-27-2018-10-02-company-profile.csv: Latest date 2025-04-04
  - Extracted data: Industry Category=航運業 (newest), Type=twse (most common)
Processing company 227/280: 4540
Found 1 company-profile files for company 4540
  - Processed [4540] 2018-04-06-2018-09-04-company-profile.csv: Latest date 2025-04-04
  - Extracted data: Industry Category=電機機械 (newest), Type=twse (most common)
Processing company 228/280: 1240
Found 1 company-profile files for company 1240
  - Processed [1240] 2018-03-06-2018-08-28-company-profile.csv: Latest date 2025-04-04
  - Extracted data: Industry Category=農業科技業 (newest), Type=tpex (most common)
Processing company 229/280: 6612
Found 1 company-profile files for company 6612
  - Processed [6612] 2017-12-04-2018-08-07-company-profile.csv: Latest date 2025-04-04
  - Extracted data: Industry Category=生技醫療業 (newest), Type=tpex (most common)
Processing company 230/280: 3530
Found 1 company-profile files for company 3530
  - Processed [3530] 2017-12-08-2018-08-03-company-profile.csv: Latest date 2025-04-04
  - Extracted data: Industry Category=半導體業 (newest), Type=twse (most common)
Processing company 231/280: 4744
Found 1 company-profile files for company 4744
  - Processed [4744] 2018-02-07-2018-08-01-company-profile.csv: Latest date 2025-04-04
  - Extracted data: Industry Category=生技醫療業 (newest), Type=tpex (most common)
Processing company 232/280: 4563
Found 1 company-profile files for company 4563
  - Processed [4563] 2017-12-04-2018-08-01-company-profile.csv: Latest date 2025-04-04
  - Extracted data: Industry Category=電機機械 (newest), Type=tpex (most common)
Processing company 233/280: 8028
Found 1 company-profile files for company 8028
  - Processed [8028] 2017-12-08-2018-07-30-company-profile.csv: Latest date 2025-04-04
  - Extracted data: Industry Category=半導體業 (newest), Type=twse (most common)
Processing company 234/280: 6576
Found 1 company-profile files for company 6576
  - Processed [6576] 2017-08-15-2018-07-19-company-profile.csv: Latest date 2025-04-04
  - Extracted data: Industry Category=生技醫療業 (newest), Type=tpex (most common)
Processing company 235/280: 4989
Found 1 company-profile files for company 4989
  - Processed [4989] 2017-12-07-2018-07-18-company-profile.csv: Latest date 2025-04-04
  - Extracted data: Industry Category=電子工業 (newest), Type=twse (most common)
Processing company 236/280: 4561
Found 1 company-profile files for company 4561
  - Processed [4561] 2017-11-08-2018-06-29-company-profile.csv: Latest date 2025-04-04
  - Extracted data: Industry Category=電機機械 (newest), Type=tpex (most common)
Processing company 237/280: 6561
Found 1 company-profile files for company 6561
  - Processed [6561] 2017-12-11-2018-06-25-company-profile.csv: Latest date 2025-04-04
  - Extracted data: Industry Category=通信網路業 (newest), Type=tpex (most common)
Processing company 238/280: 3147
Found 1 company-profile files for company 3147
  - Processed [3147] 2017-12-08-2018-06-18-company-profile.csv: Latest date 2025-04-04
  - Extracted data: Industry Category=資訊服務業 (newest), Type=tpex (most common)
Processing company 239/280: 6288
Found 1 company-profile files for company 6288
  - Processed [6288] 2017-08-15-2018-05-29-company-profile.csv: Latest date 2025-04-04
  - Extracted data: Industry Category=汽車工業 (newest), Type=twse (most common)
Processing company 240/280: 5220
Found 1 company-profile files for company 5220
  - Processed [5220] 2017-09-29-2018-05-16-company-profile.csv: Latest date 2025-04-04
  - Extracted data: Industry Category=光電業 (newest), Type=tpex (most common)
Processing company 241/280: 1587
Found 1 company-profile files for company 1587
  - Processed [1587] 2017-09-06-2018-05-04-company-profile.csv: Latest date 2025-04-04
  - Extracted data: Industry Category=汽車工業 (newest), Type=twse (most common)
Processing company 242/280: 6416
Found 1 company-profile files for company 6416
  - Processed [6416] 2017-11-10-2018-05-04-company-profile.csv: Latest date 2025-04-04
  - Extracted data: Industry Category=通信網路業 (newest), Type=twse (most common)
Processing company 243/280: 2745
Found 1 company-profile files for company 2745
  - Processed [2745] 2017-09-26-2018-05-04-company-profile.csv: Latest date 2025-04-04
  - Extracted data: Industry Category=觀光餐旅 (newest), Type=tpex (most common)
Processing company 244/280: 6547
Found 1 company-profile files for company 6547
  - Processed [6547] 2017-07-28-2018-05-07-company-profile.csv: Latest date 2025-04-04
  - Extracted data: Industry Category=生技醫療業 (newest), Type=tpex (most common)
Processing company 245/280: 5864
Found 1 company-profile files for company 5864
  - Processed [5864] 2017-09-28-2018-04-20-company-profile.csv: Latest date 2025-04-04
  - Extracted data: Industry Category=金融業 (newest), Type=tpex (most common)
Processing company 246/280: 8440
Found 1 company-profile files for company 8440
  - Processed [8440] 2017-09-01-2018-04-17-company-profile.csv: Latest date 2025-04-04
  - Extracted data: Industry Category=綠能環保類 (newest), Type=tpex (most common)
Processing company 247/280: 6461
Found 1 company-profile files for company 6461
  - Processed [6461] 2017-07-26-2018-04-17-company-profile.csv: Latest date 2025-04-04
  - Extracted data: Industry Category=生技醫療業 (newest), Type=tpex (most common)
Processing company 248/280: 8497
Found 1 company-profile files for company 8497
  - Processed [8497] 2017-07-11-2018-04-12-company-profile.csv: Latest date 2024-12-04
  - Extracted data: Industry Category=其他 (newest), Type=twse (most common)
Processing company 249/280: 2630
Found 1 company-profile files for company 2630
  - Processed [2630] 2017-09-07-2018-03-14-company-profile.csv: Latest date 2024-12-04
  - Extracted data: Industry Category=航運業 (newest), Type=twse (most common)
Processing company 250/280: 6625
Found 1 company-profile files for company 6625
  - Processed [6625] 2017-09-12-2018-02-27-company-profile.csv: Latest date 2025-04-04
  - Extracted data: Industry Category=其他 (newest), Type=twse (most common)
Processing company 251/280: 4566
Found 1 company-profile files for company 4566
  - Processed [4566] 2017-09-15-2018-02-23-company-profile.csv: Latest date 2025-04-04
  - Extracted data: Industry Category=電機機械 (newest), Type=twse (most common)
Processing company 252/280: 6581
Found 1 company-profile files for company 6581
  - Processed [6581] 2017-07-10-2018-02-19-company-profile.csv: Latest date 2025-04-04
  - Extracted data: Industry Category=綠能環保 (newest), Type=twse (most common)
Processing company 253/280: 1760
Found 1 company-profile files for company 1760
  - Processed [1760] 2017-08-03-2018-02-12-company-profile.csv: Latest date 2025-04-04
  - Extracted data: Industry Category=化學生技醫療 (newest), Type=twse (most common)
Processing company 254/280: 5299
Found 1 company-profile files for company 5299
  - Processed [5299] 2017-08-15-2018-02-12-company-profile.csv: Latest date 2025-04-04
  - Extracted data: Industry Category=半導體業 (newest), Type=tpex (most common)
Processing company 255/280: 1796
Found 1 company-profile files for company 1796
  - Processed [1796] 2017-04-10-2018-02-09-company-profile.csv: Latest date 2025-04-04
  - Extracted data: Industry Category=食品工業 (newest), Type=tpex (most common)
Processing company 256/280: 6596
Found 1 company-profile files for company 6596
  - Processed [6596] 2017-06-21-2018-01-24-company-profile.csv: Latest date 2025-04-04
  - Extracted data: Industry Category=文化創意業 (newest), Type=tpex (most common)
Processing company 257/280: 4764
Found 1 company-profile files for company 4764
  - Processed [4764] 2017-07-07-2018-01-24-company-profile.csv: Latest date 2025-04-04
  - Extracted data: Industry Category=化學工業 (newest), Type=twse (most common)
Processing company 258/280: 6613
Found 1 company-profile files for company 6613
  - Processed [6613] 2017-07-06-2018-01-17-company-profile.csv: Latest date 2025-04-04
  - Extracted data: Industry Category=其他電子類 (newest), Type=tpex (most common)
Processing company 259/280: 6570
Found 1 company-profile files for company 6570
  - Processed [6570] 2017-06-26-2017-12-29-company-profile.csv: Latest date 2025-04-04
  - Extracted data: Industry Category=電腦及週邊設備業 (newest), Type=tpex (most common)
Processing company 260/280: 8478
Found 1 company-profile files for company 8478
  - Processed [8478] 2017-07-06-2017-12-29-company-profile.csv: Latest date 2025-04-04
  - Extracted data: Industry Category=運動休閒 (newest), Type=twse (most common)
Processing company 261/280: 4155
Found 1 company-profile files for company 4155
  - Processed [4155] 2017-03-09-2017-12-25-company-profile.csv: Latest date 2025-04-04
  - Extracted data: Industry Category=化學生技醫療 (newest), Type=twse (most common)
Processing company 262/280: 8342
Found 1 company-profile files for company 8342
  - Processed [8342] 2017-02-24-2017-12-13-company-profile.csv: Latest date 2025-04-04
  - Extracted data: Industry Category=其他 (newest), Type=tpex (most common)
Processing company 263/280: 6593
Found 1 company-profile files for company 6593
  - Processed [6593] 2017-04-05-2017-11-23-company-profile.csv: Latest date 2025-04-04
  - Extracted data: Industry Category=資訊服務業 (newest), Type=tpex (most common)
Processing company 264/280: 6556
Found 1 company-profile files for company 6556
  - Processed [6556] 2016-12-08-2017-11-20-company-profile.csv: Latest date 2025-04-04
  - Extracted data: Industry Category=光電業 (newest), Type=tpex (most common)
Processing company 265/280: 1268
Found 1 company-profile files for company 1268
  - Processed [1268] 2017-03-13-2017-10-17-company-profile.csv: Latest date 2025-04-04
  - Extracted data: Industry Category=觀光餐旅 (newest), Type=tpex (most common)
Processing company 266/280: 6441
Found 1 company-profile files for company 6441
  - Processed [6441] 2017-04-05-2017-10-17-company-profile.csv: Latest date 2025-04-04
  - Extracted data: Industry Category=電腦及週邊設備業 (newest), Type=tpex (most common)
Processing company 267/280: 4741
Found 1 company-profile files for company 4741
  - Processed [4741] 2017-02-24-2017-10-16-company-profile.csv: Latest date 2025-04-04
  - Extracted data: Industry Category=化學工業 (newest), Type=tpex (most common)
Processing company 268/280: 6574
Found 1 company-profile files for company 6574
  - Processed [6574] 2017-03-10-2017-09-22-company-profile.csv: Latest date 2025-04-04
  - Extracted data: Industry Category=生技醫療業 (newest), Type=tpex (most common)
Processing company 269/280: 4562
Found 1 company-profile files for company 4562
  - Processed [4562] 2017-03-20-2017-09-08-company-profile.csv: Latest date 2024-12-03
  - Extracted data: Industry Category=電機機械 (newest), Type=twse (most common)
Processing company 270/280: 6579
Found 1 company-profile files for company 6579
  - Processed [6579] 2017-04-03-2017-09-08-company-profile.csv: Latest date 2024-12-04
  - Extracted data: Industry Category=電子工業 (newest), Type=twse (most common)
Processing company 271/280: 6582
Found 1 company-profile files for company 6582
  - Processed [6582] 2016-12-12-2017-07-04-company-profile.csv: Latest date 2024-12-04
  - Extracted data: Industry Category=橡膠工業 (newest), Type=twse (most common)
Processing company 272/280: 2937
Found 1 company-profile files for company 2937
  - Processed [2937] 2016-11-08-2017-06-28-company-profile.csv: Latest date 2025-03-01
  - Extracted data: Industry Category=居家生活類 (newest), Type=tpex (most common)
Processing company 273/280: 2897
Found 1 company-profile files for company 2897
  - Processed [2897] 2016-08-30-2017-05-25-company-profile.csv: Latest date 2024-12-04
  - Extracted data: Industry Category=金融保險 (newest), Type=twse (most common)
Processing company 274/280: 8489
Found 1 company-profile files for company 8489
  - Processed [8489] 2016-10-07-2017-05-17-company-profile.csv: Latest date 2025-03-01
  - Extracted data: Industry Category=其他 (newest), Type=tpex (most common)
Processing company 275/280: 6438
Found 2 company-profile files for company 6438
  - Processed [6438] 2020-10-12-2017-05-15-company-profile.csv: Latest date 2024-12-04
  - Processed [6438] 2016-10-11-2017-05-15-company-profile.csv: Latest date 2025-04-06
  - Extracted data: Industry Category=其他電子業 (newest), Type=twse (most common)
Processing company 276/280: 6492
Found 1 company-profile files for company 6492
  - Processed [6492] 2016-10-11-2017-05-12-company-profile.csv: Latest date 2025-04-04
  - Extracted data: Industry Category=生技醫療業 (newest), Type=tpex (most common)
Processing company 277/280: 2065
Found 1 company-profile files for company 2065
  - Processed [2065] 2016-10-07-2017-05-11-company-profile.csv: Latest date 2025-04-04
  - Extracted data: Industry Category=鋼鐵工業 (newest), Type=tpex (most common)
Processing company 278/280: 6472
Found 2 company-profile files for company 6472
  - Processed [6472] 2023-09-18-2017-05-09-company-profile.csv: Latest date 2025-04-04
  - Processed [6472] 2016-09-05-2017-05-09-company-profile.csv: Latest date 2025-04-06
  - Extracted data: Industry Category=化學生技醫療 (newest), Type=twse (most common)
Processing company 279/280: 6577
Found 1 company-profile files for company 6577
  - Processed [6577] 2016-09-06-2017-04-10-company-profile.csv: Latest date 2025-04-04
  - Extracted data: Industry Category=電腦及週邊設備業 (newest), Type=tpex (most common)
Processing company 280/280: 6533
Found 1 company-profile files for company 6533
  - Processed [6533] 2016-06-10-2017-04-03-company-profile.csv: Latest date 2025-04-04
  - Extracted data: Industry Category=半導體業 (newest), Type=twse (most common)
Writing data to output file...
Reading existing file with 340 companies
Preparing to write 340 companies to output file
Successfully wrote data for 340 companies to auction_data_processed/Features-Company.csv
Successfully created/updated output file with data for 280 companies
Script execution completed.
